{"/home/runner/work/AetherMind/AetherMind/server/ai-service.ts": {"path":"/home/runner/work/AetherMind/AetherMind/server/ai-service.ts","statementMap":{"0":{"start":{"line":2,"column":0},"end":{"line":2,"column":28}},"1":{"start":{"line":3,"column":0},"end":{"line":3,"column":30}},"2":{"start":{"line":6,"column":15},"end":{"line":13,"column":2}},"3":{"start":{"line":45,"column":10},"end":{"line":45,"column":42}},"4":{"start":{"line":48,"column":25},"end":{"line":48,"column":67}},"5":{"start":{"line":49,"column":23},"end":{"line":49,"column":52}},"6":{"start":{"line":51,"column":4},"end":{"line":83,"column":5}},"7":{"start":{"line":52,"column":25},"end":{"line":66,"column":null}},"8":{"start":{"line":69,"column":6},"end":{"line":75,"column":8}},"9":{"start":{"line":77,"column":6},"end":{"line":77,"column":49}},"10":{"start":{"line":78,"column":6},"end":{"line":82,"column":8}},"11":{"start":{"line":87,"column":4},"end":{"line":146,"column":null}},"12":{"start":{"line":94,"column":25},"end":{"line":111,"column":93}},"13":{"start":{"line":113,"column":4},"end":{"line":145,"column":5}},"14":{"start":{"line":114,"column":23},"end":{"line":118,"column":8}},"15":{"start":{"line":120,"column":25},"end":{"line":131,"column":null}},"16":{"start":{"line":134,"column":6},"end":{"line":137,"column":8}},"17":{"start":{"line":139,"column":6},"end":{"line":139,"column":42}},"18":{"start":{"line":140,"column":6},"end":{"line":144,"column":8}},"19":{"start":{"line":149,"column":20},"end":{"line":193,"column":6}},"20":{"start":{"line":195,"column":4},"end":{"line":195,"column":71}},"21":{"start":{"line":199,"column":17},"end":{"line":199,"column":31}},"22":{"start":{"line":201,"column":4},"end":{"line":203,"column":5}},"23":{"start":{"line":202,"column":6},"end":{"line":202,"column":64}},"24":{"start":{"line":205,"column":4},"end":{"line":207,"column":5}},"25":{"start":{"line":206,"column":6},"end":{"line":206,"column":56}},"26":{"start":{"line":209,"column":4},"end":{"line":209,"column":18}},"27":{"start":{"line":213,"column":4},"end":{"line":261,"column":null}},"28":{"start":{"line":222,"column":20},"end":{"line":228,"column":6}},"29":{"start":{"line":230,"column":4},"end":{"line":260,"column":5}},"30":{"start":{"line":231,"column":25},"end":{"line":251,"column":null}},"31":{"start":{"line":254,"column":6},"end":{"line":256,"column":8}},"32":{"start":{"line":258,"column":6},"end":{"line":258,"column":55}},"33":{"start":{"line":259,"column":6},"end":{"line":259,"column":60}},"34":{"start":{"line":268,"column":4},"end":{"line":338,"column":5}},"35":{"start":{"line":269,"column":6},"end":{"line":269,"column":68}},"36":{"start":{"line":272,"column":6},"end":{"line":274,"column":7}},"37":{"start":{"line":273,"column":8},"end":{"line":273,"column":40}},"38":{"start":{"line":277,"column":6},"end":{"line":283,"column":7}},"39":{"start":{"line":278,"column":8},"end":{"line":282,"column":9}},"40":{"start":{"line":279,"column":10},"end":{"line":279,"column":79}},"41":{"start":{"line":281,"column":10},"end":{"line":281,"column":42}},"42":{"start":{"line":286,"column":6},"end":{"line":298,"column":7}},"43":{"start":{"line":287,"column":8},"end":{"line":297,"column":9}},"44":{"start":{"line":288,"column":27},"end":{"line":288,"column":62}},"45":{"start":{"line":288,"column":28},"end":{"line":288,"column":53}},"46":{"start":{"line":289,"column":23},"end":{"line":289,"column":45}},"47":{"start":{"line":290,"column":10},"end":{"line":290,"column":75}},"48":{"start":{"line":291,"column":10},"end":{"line":293,"column":12}},"49":{"start":{"line":295,"column":10},"end":{"line":295,"column":53}},"50":{"start":{"line":296,"column":10},"end":{"line":296,"column":104}},"51":{"start":{"line":301,"column":6},"end":{"line":318,"column":7}},"52":{"start":{"line":305,"column":8},"end":{"line":317,"column":9}},"53":{"start":{"line":306,"column":25},"end":{"line":306,"column":65}},"54":{"start":{"line":307,"column":10},"end":{"line":309,"column":12}},"55":{"start":{"line":310,"column":10},"end":{"line":313,"column":12}},"56":{"start":{"line":315,"column":10},"end":{"line":315,"column":63}},"57":{"start":{"line":316,"column":10},"end":{"line":316,"column":114}},"58":{"start":{"line":321,"column":6},"end":{"line":325,"column":7}},"59":{"start":{"line":324,"column":8},"end":{"line":324,"column":138}},"60":{"start":{"line":328,"column":6},"end":{"line":331,"column":7}},"61":{"start":{"line":329,"column":24},"end":{"line":329,"column":48}},"62":{"start":{"line":330,"column":8},"end":{"line":330,"column":58}},"63":{"start":{"line":334,"column":6},"end":{"line":334,"column":208}},"64":{"start":{"line":336,"column":6},"end":{"line":336,"column":70}},"65":{"start":{"line":337,"column":6},"end":{"line":337,"column":122}},"66":{"start":{"line":44,"column":0},"end":{"line":44,"column":13}},"67":{"start":{"line":342,"column":13},"end":{"line":342,"column":41}}},"fnMap":{"0":{"name":"(anonymous_14)","decl":{"start":{"line":44,"column":0},"end":{"line":44,"column":13}},"loc":{"start":{"line":44,"column":0},"end":{"line":340,"column":1}}},"1":{"name":"(anonymous_15)","decl":{"start":{"line":47,"column":8},"end":{"line":47,"column":19}},"loc":{"start":{"line":47,"column":46},"end":{"line":84,"column":null}}},"2":{"name":"(anonymous_17)","decl":{"start":{"line":86,"column":8},"end":{"line":86,"column":23}},"loc":{"start":{"line":86,"column":23},"end":{"line":146,"column":null}}},"3":{"name":"(anonymous_18)","decl":{"start":{"line":87,"column":4},"end":{"line":87,"column":19}},"loc":{"start":{"line":92,"column":11},"end":{"line":146,"column":3}}},"4":{"name":"(anonymous_19)","decl":{"start":{"line":148,"column":10},"end":{"line":148,"column":25}},"loc":{"start":{"line":148,"column":46},"end":{"line":196,"column":3}}},"5":{"name":"(anonymous_20)","decl":{"start":{"line":198,"column":10},"end":{"line":198,"column":25}},"loc":{"start":{"line":198,"column":52},"end":{"line":210,"column":3}}},"6":{"name":"(anonymous_21)","decl":{"start":{"line":212,"column":8},"end":{"line":212,"column":23}},"loc":{"start":{"line":212,"column":23},"end":{"line":261,"column":null}}},"7":{"name":"(anonymous_22)","decl":{"start":{"line":213,"column":4},"end":{"line":213,"column":19}},"loc":{"start":{"line":220,"column":32},"end":{"line":261,"column":3}}},"8":{"name":"(anonymous_23)","decl":{"start":{"line":263,"column":8},"end":{"line":263,"column":26}},"loc":{"start":{"line":266,"column":18},"end":{"line":339,"column":null}}},"9":{"name":"(anonymous_25)","decl":{"start":{"line":288,"column":28},"end":{"line":288,"column":41}},"loc":{"start":{"line":288,"column":28},"end":{"line":288,"column":53}}}},"branchMap":{"0":{"loc":{"start":{"line":71,"column":10},"end":{"line":71,"column":74}},"type":"binary-expr","locations":[{"start":{"line":71,"column":10},"end":{"line":71,"column":47}},{"start":{"line":71,"column":51},"end":{"line":71,"column":74}}]},"1":{"loc":{"start":{"line":80,"column":10},"end":{"line":80,"column":null}},"type":"cond-expr","locations":[{"start":{"line":80,"column":35},"end":{"line":80,"column":48}},{"start":{"line":80,"column":51},"end":{"line":80,"column":null}}]},"2":{"loc":{"start":{"line":88,"column":4},"end":{"line":88,"column":31}},"type":"default-arg","locations":[{"start":{"line":88,"column":29},"end":{"line":88,"column":31}}]},"3":{"loc":{"start":{"line":89,"column":4},"end":{"line":92,"column":11}},"type":"default-arg","locations":[{"start":{"line":92,"column":9},"end":{"line":92,"column":11}}]},"4":{"loc":{"start":{"line":104,"column":26},"end":{"line":104,"column":64}},"type":"cond-expr","locations":[{"start":{"line":104,"column":52},"end":{"line":104,"column":57}},{"start":{"line":104,"column":60},"end":{"line":104,"column":64}}]},"5":{"loc":{"start":{"line":106,"column":2},"end":{"line":108,"column":null}},"type":"cond-expr","locations":[{"start":{"line":107,"column":6},"end":{"line":107,"column":64}},{"start":{"line":108,"column":6},"end":{"line":108,"column":null}}]},"6":{"loc":{"start":{"line":135,"column":8},"end":{"line":136,"column":53}},"type":"binary-expr","locations":[{"start":{"line":135,"column":8},"end":{"line":135,"column":45}},{"start":{"line":136,"column":8},"end":{"line":136,"column":53}}]},"7":{"loc":{"start":{"line":142,"column":10},"end":{"line":142,"column":null}},"type":"cond-expr","locations":[{"start":{"line":142,"column":35},"end":{"line":142,"column":48}},{"start":{"line":142,"column":51},"end":{"line":142,"column":null}}]},"8":{"loc":{"start":{"line":195,"column":11},"end":{"line":195,"column":70}},"type":"binary-expr","locations":[{"start":{"line":195,"column":11},"end":{"line":195,"column":56}},{"start":{"line":195,"column":60},"end":{"line":195,"column":70}}]},"9":{"loc":{"start":{"line":201,"column":4},"end":{"line":203,"column":5}},"type":"if","locations":[{"start":{"line":201,"column":4},"end":{"line":203,"column":5}}]},"10":{"loc":{"start":{"line":205,"column":4},"end":{"line":207,"column":5}},"type":"if","locations":[{"start":{"line":205,"column":4},"end":{"line":207,"column":5}}]},"11":{"loc":{"start":{"line":205,"column":8},"end":{"line":205,"column":60}},"type":"binary-expr","locations":[{"start":{"line":205,"column":8},"end":{"line":205,"column":20}},{"start":{"line":205,"column":24},"end":{"line":205,"column":60}}]},"12":{"loc":{"start":{"line":215,"column":4},"end":{"line":220,"column":32}},"type":"default-arg","locations":[{"start":{"line":220,"column":23},"end":{"line":220,"column":32}}]},"13":{"loc":{"start":{"line":255,"column":8},"end":{"line":255,"column":80}},"type":"binary-expr","locations":[{"start":{"line":255,"column":8},"end":{"line":255,"column":47}},{"start":{"line":255,"column":51},"end":{"line":255,"column":80}}]},"14":{"loc":{"start":{"line":255,"column":8},"end":{"line":255,"column":47}},"type":"cond-expr","locations":[{"start":{"line":255,"column":38},"end":{"line":255,"column":40}},{"start":{"line":255,"column":38},"end":{"line":255,"column":47}}]},"15":{"loc":{"start":{"line":255,"column":8},"end":{"line":255,"column":40}},"type":"binary-expr","locations":[{"start":{"line":255,"column":8},"end":{"line":255,"column":40}},{"start":{"line":255,"column":38},"end":{"line":255,"column":40}}]},"16":{"loc":{"start":{"line":255,"column":8},"end":{"line":255,"column":38}},"type":"cond-expr","locations":[{"start":{"line":255,"column":29},"end":{"line":255,"column":31}},{"start":{"line":255,"column":29},"end":{"line":255,"column":38}}]},"17":{"loc":{"start":{"line":255,"column":8},"end":{"line":255,"column":31}},"type":"binary-expr","locations":[{"start":{"line":255,"column":8},"end":{"line":255,"column":31}},{"start":{"line":255,"column":29},"end":{"line":255,"column":31}}]},"18":{"loc":{"start":{"line":272,"column":6},"end":{"line":274,"column":7}},"type":"if","locations":[{"start":{"line":272,"column":6},"end":{"line":274,"column":7}}]},"19":{"loc":{"start":{"line":277,"column":6},"end":{"line":283,"column":7}},"type":"if","locations":[{"start":{"line":277,"column":6},"end":{"line":283,"column":7}}]},"20":{"loc":{"start":{"line":286,"column":6},"end":{"line":298,"column":7}},"type":"if","locations":[{"start":{"line":286,"column":6},"end":{"line":298,"column":7}}]},"21":{"loc":{"start":{"line":292,"column":12},"end":{"line":292,"column":80}},"type":"binary-expr","locations":[{"start":{"line":292,"column":12},"end":{"line":292,"column":21}},{"start":{"line":292,"column":25},"end":{"line":292,"column":80}}]},"22":{"loc":{"start":{"line":301,"column":6},"end":{"line":318,"column":7}},"type":"if","locations":[{"start":{"line":301,"column":6},"end":{"line":318,"column":7}}]},"23":{"loc":{"start":{"line":311,"column":12},"end":{"line":312,"column":77}},"type":"binary-expr","locations":[{"start":{"line":311,"column":12},"end":{"line":311,"column":24}},{"start":{"line":312,"column":12},"end":{"line":312,"column":77}}]},"24":{"loc":{"start":{"line":321,"column":6},"end":{"line":325,"column":7}},"type":"if","locations":[{"start":{"line":321,"column":6},"end":{"line":325,"column":7}}]},"25":{"loc":{"start":{"line":328,"column":6},"end":{"line":331,"column":7}},"type":"if","locations":[{"start":{"line":328,"column":6},"end":{"line":331,"column":7}}]},"26":{"loc":{"start":{"line":328,"column":10},"end":{"line":328,"column":76}},"type":"binary-expr","locations":[{"start":{"line":328,"column":10},"end":{"line":328,"column":33}},{"start":{"line":328,"column":37},"end":{"line":328,"column":76}}]}},"s":{"0":0,"1":0,"2":0,"3":0,"4":0,"5":0,"6":0,"7":0,"8":0,"9":0,"10":0,"11":0,"12":0,"13":0,"14":0,"15":0,"16":0,"17":0,"18":0,"19":0,"20":0,"21":0,"22":0,"23":0,"24":0,"25":0,"26":0,"27":0,"28":0,"29":0,"30":0,"31":0,"32":0,"33":0,"34":0,"35":0,"36":0,"37":0,"38":0,"39":0,"40":0,"41":0,"42":0,"43":0,"44":0,"45":0,"46":0,"47":0,"48":0,"49":0,"50":0,"51":0,"52":0,"53":0,"54":0,"55":0,"56":0,"57":0,"58":0,"59":0,"60":0,"61":0,"62":0,"63":0,"64":0,"65":0,"66":0,"67":0},"f":{"0":0,"1":0,"2":0,"3":0,"4":0,"5":0,"6":0,"7":0,"8":0,"9":0},"b":{"0":[0,0],"1":[0,0],"2":[0],"3":[0],"4":[0,0],"5":[0,0],"6":[0,0],"7":[0,0],"8":[0,0],"9":[0],"10":[0],"11":[0,0],"12":[0],"13":[0,0],"14":[0,0],"15":[0,0],"16":[0,0],"17":[0,0],"18":[0],"19":[0],"20":[0],"21":[0,0],"22":[0],"23":[0,0],"24":[0],"25":[0],"26":[0,0]}}
,"/home/runner/work/AetherMind/AetherMind/server/auth.ts": {"path":"/home/runner/work/AetherMind/AetherMind/server/auth.ts","statementMap":{"0":{"start":{"line":51,"column":0},"end":{"line":51,"column":16}},"1":{"start":{"line":2,"column":0},"end":{"line":2,"column":32}},"2":{"start":{"line":3,"column":0},"end":{"line":3,"column":59}},"3":{"start":{"line":5,"column":0},"end":{"line":5,"column":38}},"4":{"start":{"line":6,"column":0},"end":{"line":6,"column":31}},"5":{"start":{"line":7,"column":0},"end":{"line":7,"column":62}},"6":{"start":{"line":8,"column":0},"end":{"line":8,"column":33}},"7":{"start":{"line":9,"column":0},"end":{"line":9,"column":36}},"8":{"start":{"line":18,"column":20},"end":{"line":18,"column":37}},"9":{"start":{"line":21,"column":19},"end":{"line":21,"column":70}},"10":{"start":{"line":25,"column":2},"end":{"line":27,"column":5}},"11":{"start":{"line":31,"column":2},"end":{"line":35,"column":3}},"12":{"start":{"line":32,"column":4},"end":{"line":32,"column":77}},"13":{"start":{"line":34,"column":4},"end":{"line":34,"column":16}},"14":{"start":{"line":39,"column":15},"end":{"line":39,"column":46}},"15":{"start":{"line":40,"column":15},"end":{"line":40,"column":52}},"16":{"start":{"line":41,"column":2},"end":{"line":41,"column":42}},"17":{"start":{"line":45,"column":25},"end":{"line":45,"column":42}},"18":{"start":{"line":46,"column":20},"end":{"line":46,"column":46}},"19":{"start":{"line":47,"column":23},"end":{"line":47,"column":60}},"20":{"start":{"line":48,"column":2},"end":{"line":48,"column":49}},"21":{"start":{"line":52,"column":50},"end":{"line":65,"column":4}},"22":{"start":{"line":67,"column":2},"end":{"line":67,"column":28}},"23":{"start":{"line":70,"column":2},"end":{"line":73,"column":5}},"24":{"start":{"line":71,"column":4},"end":{"line":71,"column":58}},"25":{"start":{"line":72,"column":4},"end":{"line":72,"column":11}},"26":{"start":{"line":75,"column":2},"end":{"line":75,"column":36}},"27":{"start":{"line":78,"column":2},"end":{"line":87,"column":5}},"28":{"start":{"line":79,"column":4},"end":{"line":85,"column":7}},"29":{"start":{"line":80,"column":6},"end":{"line":84,"column":8}},"30":{"start":{"line":86,"column":4},"end":{"line":86,"column":11}},"31":{"start":{"line":89,"column":2},"end":{"line":89,"column":33}},"32":{"start":{"line":90,"column":2},"end":{"line":90,"column":30}},"33":{"start":{"line":92,"column":2},"end":{"line":101,"column":4}},"34":{"start":{"line":93,"column":57},"end":{"line":100,"column":6}},"35":{"start":{"line":94,"column":19},"end":{"line":94,"column":60}},"36":{"start":{"line":95,"column":6},"end":{"line":99,"column":7}},"37":{"start":{"line":96,"column":8},"end":{"line":96,"column":33}},"38":{"start":{"line":98,"column":8},"end":{"line":98,"column":32}},"39":{"start":{"line":103,"column":2},"end":{"line":106,"column":5}},"40":{"start":{"line":104,"column":4},"end":{"line":104,"column":46}},"41":{"start":{"line":105,"column":4},"end":{"line":105,"column":24}},"42":{"start":{"line":108,"column":2},"end":{"line":118,"column":5}},"43":{"start":{"line":108,"column":54},"end":{"line":118,"column":4}},"44":{"start":{"line":109,"column":4},"end":{"line":109,"column":46}},"45":{"start":{"line":110,"column":4},"end":{"line":117,"column":5}},"46":{"start":{"line":111,"column":19},"end":{"line":111,"column":44}},"47":{"start":{"line":112,"column":6},"end":{"line":112,"column":67}},"48":{"start":{"line":113,"column":6},"end":{"line":113,"column":23}},"49":{"start":{"line":115,"column":6},"end":{"line":115,"column":54}},"50":{"start":{"line":116,"column":6},"end":{"line":116,"column":24}},"51":{"start":{"line":120,"column":2},"end":{"line":156,"column":5}},"52":{"start":{"line":120,"column":53},"end":{"line":156,"column":4}},"53":{"start":{"line":121,"column":4},"end":{"line":155,"column":5}},"54":{"start":{"line":122,"column":27},"end":{"line":122,"column":77}},"55":{"start":{"line":123,"column":6},"end":{"line":125,"column":7}},"56":{"start":{"line":124,"column":8},"end":{"line":124,"column":63}},"57":{"start":{"line":127,"column":19},"end":{"line":129,"column":null}},"58":{"start":{"line":133,"column":20},"end":{"line":133,"column":39}},"59":{"start":{"line":136,"column":6},"end":{"line":141,"column":9}},"60":{"start":{"line":143,"column":6},"end":{"line":146,"column":8}},"61":{"start":{"line":149,"column":6},"end":{"line":152,"column":9}},"62":{"start":{"line":150,"column":8},"end":{"line":150,"column":60}},"63":{"start":{"line":150,"column":17},"end":{"line":150,"column":60}},"64":{"start":{"line":151,"column":8},"end":{"line":151,"column":35}},"65":{"start":{"line":154,"column":6},"end":{"line":154,"column":18}},"66":{"start":{"line":158,"column":2},"end":{"line":181,"column":5}},"67":{"start":{"line":158,"column":50},"end":{"line":181,"column":4}},"68":{"start":{"line":159,"column":4},"end":{"line":180,"column":5}},"69":{"start":{"line":160,"column":37},"end":{"line":160,"column":45}},"70":{"start":{"line":161,"column":19},"end":{"line":161,"column":60}},"71":{"start":{"line":163,"column":6},"end":{"line":165,"column":7}},"72":{"start":{"line":164,"column":8},"end":{"line":164,"column":70}},"73":{"start":{"line":168,"column":20},"end":{"line":168,"column":39}},"74":{"start":{"line":170,"column":6},"end":{"line":170,"column":80}},"75":{"start":{"line":173,"column":6},"end":{"line":177,"column":9}},"76":{"start":{"line":174,"column":8},"end":{"line":174,"column":60}},"77":{"start":{"line":174,"column":17},"end":{"line":174,"column":60}},"78":{"start":{"line":176,"column":8},"end":{"line":176,"column":49}},"79":{"start":{"line":179,"column":6},"end":{"line":179,"column":18}},"80":{"start":{"line":183,"column":2},"end":{"line":188,"column":5}},"81":{"start":{"line":184,"column":4},"end":{"line":187,"column":7}},"82":{"start":{"line":185,"column":6},"end":{"line":185,"column":32}},"83":{"start":{"line":185,"column":15},"end":{"line":185,"column":32}},"84":{"start":{"line":186,"column":6},"end":{"line":186,"column":26}},"85":{"start":{"line":190,"column":2},"end":{"line":248,"column":5}},"86":{"start":{"line":190,"column":42},"end":{"line":248,"column":4}},"87":{"start":{"line":191,"column":4},"end":{"line":191,"column":66}},"88":{"start":{"line":192,"column":4},"end":{"line":192,"column":60}},"89":{"start":{"line":193,"column":4},"end":{"line":193,"column":74}},"90":{"start":{"line":194,"column":4},"end":{"line":194,"column":45}},"91":{"start":{"line":195,"column":4},"end":{"line":195,"column":54}},"92":{"start":{"line":198,"column":4},"end":{"line":201,"column":5}},"93":{"start":{"line":199,"column":6},"end":{"line":199,"column":49}},"94":{"start":{"line":200,"column":6},"end":{"line":200,"column":32}},"95":{"start":{"line":204,"column":23},"end":{"line":204,"column":48}},"96":{"start":{"line":205,"column":4},"end":{"line":223,"column":5}},"97":{"start":{"line":206,"column":20},"end":{"line":206,"column":43}},"98":{"start":{"line":207,"column":6},"end":{"line":207,"column":55}},"99":{"start":{"line":209,"column":22},"end":{"line":209,"column":40}},"100":{"start":{"line":210,"column":6},"end":{"line":210,"column":54}},"101":{"start":{"line":212,"column":6},"end":{"line":222,"column":7}},"102":{"start":{"line":213,"column":8},"end":{"line":221,"column":9}},"103":{"start":{"line":214,"column":23},"end":{"line":214,"column":56}},"104":{"start":{"line":215,"column":10},"end":{"line":218,"column":11}},"105":{"start":{"line":216,"column":12},"end":{"line":216,"column":60}},"106":{"start":{"line":217,"column":12},"end":{"line":217,"column":34}},"107":{"start":{"line":220,"column":10},"end":{"line":220,"column":57}},"108":{"start":{"line":226,"column":18},"end":{"line":226,"column":40}},"109":{"start":{"line":227,"column":4},"end":{"line":227,"column":50}},"110":{"start":{"line":229,"column":4},"end":{"line":244,"column":5}},"111":{"start":{"line":230,"column":22},"end":{"line":230,"column":40}},"112":{"start":{"line":231,"column":6},"end":{"line":231,"column":54}},"113":{"start":{"line":233,"column":6},"end":{"line":243,"column":7}},"114":{"start":{"line":234,"column":8},"end":{"line":242,"column":9}},"115":{"start":{"line":235,"column":23},"end":{"line":235,"column":56}},"116":{"start":{"line":236,"column":10},"end":{"line":239,"column":11}},"117":{"start":{"line":237,"column":12},"end":{"line":237,"column":57}},"118":{"start":{"line":238,"column":12},"end":{"line":238,"column":34}},"119":{"start":{"line":241,"column":10},"end":{"line":241,"column":57}},"120":{"start":{"line":246,"column":4},"end":{"line":246,"column":58}},"121":{"start":{"line":247,"column":4},"end":{"line":247,"column":31}}},"fnMap":{"0":{"name":"generateToken","decl":{"start":{"line":24,"column":9},"end":{"line":24,"column":22}},"loc":{"start":{"line":24,"column":39},"end":{"line":28,"column":1}}},"1":{"name":"verifyToken","decl":{"start":{"line":30,"column":9},"end":{"line":30,"column":20}},"loc":{"start":{"line":30,"column":34},"end":{"line":36,"column":1}}},"2":{"name":"hashPassword","decl":{"start":{"line":38,"column":15},"end":{"line":38,"column":27}},"loc":{"start":{"line":38,"column":44},"end":{"line":42,"column":null}}},"3":{"name":"comparePasswords","decl":{"start":{"line":44,"column":15},"end":{"line":44,"column":31}},"loc":{"start":{"line":44,"column":64},"end":{"line":49,"column":null}}},"4":{"name":"setupAuth","decl":{"start":{"line":51,"column":16},"end":{"line":51,"column":25}},"loc":{"start":{"line":51,"column":38},"end":{"line":249,"column":1}}},"5":{"name":"(anonymous_15)","decl":{"start":{"line":70,"column":10},"end":{"line":70,"column":11}},"loc":{"start":{"line":70,"column":29},"end":{"line":73,"column":3}}},"6":{"name":"(anonymous_16)","decl":{"start":{"line":78,"column":10},"end":{"line":78,"column":11}},"loc":{"start":{"line":78,"column":29},"end":{"line":87,"column":3}}},"7":{"name":"(anonymous_17)","decl":{"start":{"line":79,"column":21},"end":{"line":79,"column":24}},"loc":{"start":{"line":79,"column":26},"end":{"line":85,"column":5}}},"8":{"name":"(anonymous_18)","decl":{"start":{"line":93,"column":22},"end":{"line":93,"column":29}},"loc":{"start":{"line":93,"column":57},"end":{"line":100,"column":6}}},"9":{"name":"(anonymous_19)","decl":{"start":{"line":93,"column":57},"end":{"line":93,"column":null}},"loc":{"start":{"line":93,"column":57},"end":{"line":100,"column":5}}},"10":{"name":"(anonymous_20)","decl":{"start":{"line":103,"column":25},"end":{"line":103,"column":26}},"loc":{"start":{"line":103,"column":40},"end":{"line":106,"column":3}}},"11":{"name":"(anonymous_21)","decl":{"start":{"line":108,"column":27},"end":{"line":108,"column":34}},"loc":{"start":{"line":108,"column":54},"end":{"line":118,"column":4}}},"12":{"name":"(anonymous_22)","decl":{"start":{"line":108,"column":54},"end":{"line":108,"column":null}},"loc":{"start":{"line":108,"column":54},"end":{"line":118,"column":3}}},"13":{"name":"(anonymous_23)","decl":{"start":{"line":120,"column":28},"end":{"line":120,"column":35}},"loc":{"start":{"line":120,"column":53},"end":{"line":156,"column":4}}},"14":{"name":"(anonymous_24)","decl":{"start":{"line":120,"column":53},"end":{"line":120,"column":null}},"loc":{"start":{"line":120,"column":53},"end":{"line":156,"column":3}}},"15":{"name":"(anonymous_25)","decl":{"start":{"line":149,"column":22},"end":{"line":149,"column":23}},"loc":{"start":{"line":149,"column":30},"end":{"line":152,"column":7}}},"16":{"name":"(anonymous_26)","decl":{"start":{"line":158,"column":25},"end":{"line":158,"column":32}},"loc":{"start":{"line":158,"column":50},"end":{"line":181,"column":4}}},"17":{"name":"(anonymous_27)","decl":{"start":{"line":158,"column":50},"end":{"line":158,"column":null}},"loc":{"start":{"line":158,"column":50},"end":{"line":181,"column":3}}},"18":{"name":"(anonymous_28)","decl":{"start":{"line":173,"column":22},"end":{"line":173,"column":23}},"loc":{"start":{"line":173,"column":30},"end":{"line":177,"column":7}}},"19":{"name":"(anonymous_29)","decl":{"start":{"line":183,"column":26},"end":{"line":183,"column":27}},"loc":{"start":{"line":183,"column":45},"end":{"line":188,"column":3}}},"20":{"name":"(anonymous_30)","decl":{"start":{"line":184,"column":15},"end":{"line":184,"column":16}},"loc":{"start":{"line":184,"column":23},"end":{"line":187,"column":5}}},"21":{"name":"(anonymous_31)","decl":{"start":{"line":190,"column":23},"end":{"line":190,"column":30}},"loc":{"start":{"line":190,"column":42},"end":{"line":248,"column":4}}},"22":{"name":"(anonymous_32)","decl":{"start":{"line":190,"column":42},"end":{"line":190,"column":null}},"loc":{"start":{"line":190,"column":42},"end":{"line":248,"column":3}}}},"branchMap":{"0":{"loc":{"start":{"line":21,"column":19},"end":{"line":21,"column":70}},"type":"binary-expr","locations":[{"start":{"line":21,"column":19},"end":{"line":21,"column":45}},{"start":{"line":21,"column":49},"end":{"line":21,"column":70}}]},"1":{"loc":{"start":{"line":95,"column":6},"end":{"line":99,"column":7}},"type":"if","locations":[{"start":{"line":95,"column":6},"end":{"line":99,"column":7}},{"start":{"line":97,"column":13},"end":{"line":99,"column":7}}]},"2":{"loc":{"start":{"line":95,"column":10},"end":{"line":95,"column":69}},"type":"binary-expr","locations":[{"start":{"line":95,"column":10},"end":{"line":95,"column":15}},{"start":{"line":95,"column":19},"end":{"line":95,"column":69}}]},"3":{"loc":{"start":{"line":112,"column":37},"end":{"line":112,"column":65}},"type":"cond-expr","locations":[{"start":{"line":112,"column":44},"end":{"line":112,"column":51}},{"start":{"line":112,"column":54},"end":{"line":112,"column":65}}]},"4":{"loc":{"start":{"line":123,"column":6},"end":{"line":125,"column":7}},"type":"if","locations":[{"start":{"line":123,"column":6},"end":{"line":125,"column":7}}]},"5":{"loc":{"start":{"line":150,"column":8},"end":{"line":150,"column":60}},"type":"if","locations":[{"start":{"line":150,"column":8},"end":{"line":150,"column":60}}]},"6":{"loc":{"start":{"line":163,"column":6},"end":{"line":165,"column":7}},"type":"if","locations":[{"start":{"line":163,"column":6},"end":{"line":165,"column":7}}]},"7":{"loc":{"start":{"line":163,"column":10},"end":{"line":163,"column":69}},"type":"binary-expr","locations":[{"start":{"line":163,"column":10},"end":{"line":163,"column":15}},{"start":{"line":163,"column":19},"end":{"line":163,"column":69}}]},"8":{"loc":{"start":{"line":174,"column":8},"end":{"line":174,"column":60}},"type":"if","locations":[{"start":{"line":174,"column":8},"end":{"line":174,"column":60}}]},"9":{"loc":{"start":{"line":185,"column":6},"end":{"line":185,"column":32}},"type":"if","locations":[{"start":{"line":185,"column":6},"end":{"line":185,"column":32}}]},"10":{"loc":{"start":{"line":193,"column":36},"end":{"line":193,"column":72}},"type":"cond-expr","locations":[{"start":{"line":193,"column":47},"end":{"line":193,"column":56}},{"start":{"line":193,"column":59},"end":{"line":193,"column":72}}]},"11":{"loc":{"start":{"line":198,"column":4},"end":{"line":201,"column":5}},"type":"if","locations":[{"start":{"line":198,"column":4},"end":{"line":201,"column":5}}]},"12":{"loc":{"start":{"line":198,"column":8},"end":{"line":198,"column":41}},"type":"binary-expr","locations":[{"start":{"line":198,"column":8},"end":{"line":198,"column":29}},{"start":{"line":198,"column":33},"end":{"line":198,"column":41}}]},"13":{"loc":{"start":{"line":205,"column":4},"end":{"line":223,"column":5}},"type":"if","locations":[{"start":{"line":205,"column":4},"end":{"line":223,"column":5}}]},"14":{"loc":{"start":{"line":205,"column":8},"end":{"line":205,"column":54}},"type":"binary-expr","locations":[{"start":{"line":205,"column":8},"end":{"line":205,"column":18}},{"start":{"line":205,"column":22},"end":{"line":205,"column":54}}]},"15":{"loc":{"start":{"line":212,"column":6},"end":{"line":222,"column":7}},"type":"if","locations":[{"start":{"line":212,"column":6},"end":{"line":222,"column":7}}]},"16":{"loc":{"start":{"line":215,"column":10},"end":{"line":218,"column":11}},"type":"if","locations":[{"start":{"line":215,"column":10},"end":{"line":218,"column":11}}]},"17":{"loc":{"start":{"line":226,"column":18},"end":{"line":226,"column":40}},"type":"cond-expr","locations":[{"start":{"line":226,"column":29},"end":{"line":226,"column":31}},{"start":{"line":226,"column":29},"end":{"line":226,"column":40}}]},"18":{"loc":{"start":{"line":226,"column":18},"end":{"line":226,"column":31}},"type":"binary-expr","locations":[{"start":{"line":226,"column":18},"end":{"line":226,"column":31}},{"start":{"line":226,"column":29},"end":{"line":226,"column":31}}]},"19":{"loc":{"start":{"line":229,"column":4},"end":{"line":244,"column":5}},"type":"if","locations":[{"start":{"line":229,"column":4},"end":{"line":244,"column":5}}]},"20":{"loc":{"start":{"line":233,"column":6},"end":{"line":243,"column":7}},"type":"if","locations":[{"start":{"line":233,"column":6},"end":{"line":243,"column":7}}]},"21":{"loc":{"start":{"line":236,"column":10},"end":{"line":239,"column":11}},"type":"if","locations":[{"start":{"line":236,"column":10},"end":{"line":239,"column":11}}]}},"s":{"0":1,"1":1,"2":1,"3":1,"4":1,"5":1,"6":1,"7":1,"8":1,"9":1,"10":1,"11":2,"12":2,"13":1,"14":1,"15":1,"16":1,"17":1,"18":1,"19":1,"20":0,"21":1,"22":1,"23":1,"24":12,"25":12,"26":1,"27":1,"28":12,"29":12,"30":12,"31":1,"32":1,"33":1,"34":0,"35":0,"36":0,"37":0,"38":0,"39":1,"40":1,"41":1,"42":1,"43":0,"44":0,"45":0,"46":0,"47":0,"48":0,"49":0,"50":0,"51":1,"52":3,"53":3,"54":3,"55":3,"56":2,"57":1,"58":1,"59":1,"60":1,"61":1,"62":1,"63":0,"64":1,"65":0,"66":1,"67":3,"68":3,"69":3,"70":3,"71":3,"72":2,"73":0,"74":0,"75":0,"76":0,"77":0,"78":0,"79":1,"80":1,"81":1,"82":1,"83":0,"84":1,"85":1,"86":3,"87":3,"88":3,"89":3,"90":3,"91":3,"92":3,"93":0,"94":0,"95":3,"96":3,"97":2,"98":2,"99":2,"100":2,"101":2,"102":1,"103":1,"104":1,"105":1,"106":1,"107":0,"108":2,"109":2,"110":2,"111":0,"112":0,"113":0,"114":0,"115":0,"116":0,"117":0,"118":0,"119":0,"120":2,"121":2},"f":{"0":1,"1":2,"2":1,"3":1,"4":1,"5":12,"6":12,"7":12,"8":0,"9":0,"10":1,"11":0,"12":0,"13":3,"14":3,"15":1,"16":3,"17":3,"18":0,"19":1,"20":1,"21":3,"22":3},"b":{"0":[1,0],"1":[0,0],"2":[0,0],"3":[0,0],"4":[2],"5":[0],"6":[2],"7":[3,1],"8":[0],"9":[0],"10":[0,3],"11":[0],"12":[3,0],"13":[2],"14":[3,2],"15":[1],"16":[1],"17":[0,2],"18":[2,2],"19":[0],"20":[0],"21":[0]}}
,"/home/runner/work/AetherMind/AetherMind/server/db.ts": {"path":"/home/runner/work/AetherMind/AetherMind/server/db.ts","statementMap":{"0":{"start":{"line":2,"column":0},"end":{"line":2,"column":60}},"1":{"start":{"line":3,"column":0},"end":{"line":3,"column":54}},"2":{"start":{"line":4,"column":0},"end":{"line":4,"column":20}},"3":{"start":{"line":5,"column":0},"end":{"line":5,"column":41}},"4":{"start":{"line":7,"column":0},"end":{"line":7,"column":37}},"5":{"start":{"line":9,"column":0},"end":{"line":13,"column":1}},"6":{"start":{"line":10,"column":2},"end":{"line":12,"column":4}},"7":{"start":{"line":16,"column":0},"end":{"line":16,"column":79}},"8":{"start":{"line":17,"column":0},"end":{"line":17,"column":70}},"9":{"start":{"line":18,"column":0},"end":{"line":21,"column":2}},"10":{"start":{"line":23,"column":13},"end":{"line":23,"column":77}},"11":{"start":{"line":24,"column":13},"end":{"line":24,"column":52}}},"fnMap":{},"branchMap":{"0":{"loc":{"start":{"line":9,"column":0},"end":{"line":13,"column":1}},"type":"if","locations":[{"start":{"line":9,"column":0},"end":{"line":13,"column":1}}]},"1":{"loc":{"start":{"line":16,"column":29},"end":{"line":16,"column":77}},"type":"cond-expr","locations":[{"start":{"line":16,"column":56},"end":{"line":16,"column":65}},{"start":{"line":16,"column":68},"end":{"line":16,"column":77}}]},"2":{"loc":{"start":{"line":17,"column":36},"end":{"line":17,"column":68}},"type":"cond-expr","locations":[{"start":{"line":17,"column":60},"end":{"line":17,"column":62}},{"start":{"line":17,"column":60},"end":{"line":17,"column":68}}]},"3":{"loc":{"start":{"line":17,"column":36},"end":{"line":17,"column":62}},"type":"binary-expr","locations":[{"start":{"line":17,"column":36},"end":{"line":17,"column":62}},{"start":{"line":17,"column":60},"end":{"line":17,"column":62}}]},"4":{"loc":{"start":{"line":20,"column":2},"end":{"line":20,"column":44}},"type":"cond-expr","locations":[{"start":{"line":20,"column":26},"end":{"line":20,"column":28}},{"start":{"line":20,"column":26},"end":{"line":20,"column":44}}]},"5":{"loc":{"start":{"line":20,"column":2},"end":{"line":20,"column":28}},"type":"binary-expr","locations":[{"start":{"line":20,"column":2},"end":{"line":20,"column":28}},{"start":{"line":20,"column":26},"end":{"line":20,"column":28}}]}},"s":{"0":0,"1":0,"2":0,"3":0,"4":0,"5":0,"6":0,"7":0,"8":0,"9":0,"10":0,"11":0},"f":{},"b":{"0":[0],"1":[0,0],"2":[0,0],"3":[0,0],"4":[0,0],"5":[0,0]}}
,"/home/runner/work/AetherMind/AetherMind/server/index.ts": {"path":"/home/runner/work/AetherMind/AetherMind/server/index.ts","statementMap":{"0":{"start":{"line":2,"column":0},"end":{"line":2,"column":24}},"1":{"start":{"line":3,"column":0},"end":{"line":3,"column":20}},"2":{"start":{"line":7,"column":16},"end":{"line":7,"column":51}},"3":{"start":{"line":8,"column":19},"end":{"line":8,"column":52}},"4":{"start":{"line":9,"column":40},"end":{"line":9,"column":42}},"5":{"start":{"line":11,"column":0},"end":{"line":16,"column":3}},"6":{"start":{"line":12,"column":31},"end":{"line":12,"column":46}},"7":{"start":{"line":13,"column":2},"end":{"line":15,"column":3}},"8":{"start":{"line":14,"column":4},"end":{"line":14,"column":54}},"9":{"start":{"line":19,"column":0},"end":{"line":19,"column":36}},"10":{"start":{"line":22,"column":0},"end":{"line":25,"column":1}},"11":{"start":{"line":23,"column":2},"end":{"line":24,"column":158}},"12":{"start":{"line":28,"column":0},"end":{"line":31,"column":1}},"13":{"start":{"line":29,"column":2},"end":{"line":30,"column":80}},"14":{"start":{"line":33,"column":0},"end":{"line":33,"column":43}},"15":{"start":{"line":34,"column":0},"end":{"line":37,"column":2}},"16":{"start":{"line":38,"column":0},"end":{"line":41,"column":2}},"17":{"start":{"line":44,"column":0},"end":{"line":44,"column":72}},"18":{"start":{"line":45,"column":0},"end":{"line":45,"column":24}},"19":{"start":{"line":46,"column":0},"end":{"line":46,"column":41}},"20":{"start":{"line":47,"column":0},"end":{"line":47,"column":53}},"21":{"start":{"line":49,"column":12},"end":{"line":49,"column":21}},"22":{"start":{"line":52,"column":0},"end":{"line":59,"column":2}},"23":{"start":{"line":61,"column":0},"end":{"line":61,"column":24}},"24":{"start":{"line":62,"column":0},"end":{"line":62,"column":49}},"25":{"start":{"line":63,"column":0},"end":{"line":63,"column":24}},"26":{"start":{"line":65,"column":0},"end":{"line":93,"column":3}},"27":{"start":{"line":66,"column":16},"end":{"line":66,"column":26}},"28":{"start":{"line":67,"column":15},"end":{"line":67,"column":23}},"29":{"start":{"line":68,"column":62},"end":{"line":68,"column":71}},"30":{"start":{"line":70,"column":26},"end":{"line":70,"column":34}},"31":{"start":{"line":71,"column":2},"end":{"line":74,"column":4}},"32":{"start":{"line":72,"column":4},"end":{"line":72,"column":36}},"33":{"start":{"line":73,"column":4},"end":{"line":73,"column":59}},"34":{"start":{"line":76,"column":2},"end":{"line":90,"column":5}},"35":{"start":{"line":77,"column":21},"end":{"line":77,"column":39}},"36":{"start":{"line":78,"column":4},"end":{"line":89,"column":5}},"37":{"start":{"line":79,"column":20},"end":{"line":79,"column":78}},"38":{"start":{"line":80,"column":6},"end":{"line":82,"column":7}},"39":{"start":{"line":81,"column":8},"end":{"line":81,"column":65}},"40":{"start":{"line":84,"column":6},"end":{"line":86,"column":7}},"41":{"start":{"line":85,"column":8},"end":{"line":85,"column":45}},"42":{"start":{"line":88,"column":6},"end":{"line":88,"column":19}},"43":{"start":{"line":92,"column":2},"end":{"line":92,"column":9}},"44":{"start":{"line":95,"column":0},"end":{"line":125,"column":5}},"45":{"start":{"line":95,"column":12},"end":{"line":125,"column":2}},"46":{"start":{"line":97,"column":29},"end":{"line":97,"column":53}},"47":{"start":{"line":98,"column":17},"end":{"line":98,"column":42}},"48":{"start":{"line":100,"column":2},"end":{"line":106,"column":5}},"49":{"start":{"line":101,"column":19},"end":{"line":101,"column":54}},"50":{"start":{"line":102,"column":20},"end":{"line":102,"column":58}},"51":{"start":{"line":104,"column":4},"end":{"line":104,"column":41}},"52":{"start":{"line":105,"column":4},"end":{"line":105,"column":14}},"53":{"start":{"line":111,"column":2},"end":{"line":115,"column":3}},"54":{"start":{"line":112,"column":4},"end":{"line":112,"column":33}},"55":{"start":{"line":114,"column":4},"end":{"line":114,"column":21}},"56":{"start":{"line":121,"column":15},"end":{"line":121,"column":55}},"57":{"start":{"line":122,"column":2},"end":{"line":124,"column":5}},"58":{"start":{"line":123,"column":4},"end":{"line":123,"column":35}}},"fnMap":{"0":{"name":"(anonymous_14)","decl":{"start":{"line":11,"column":31},"end":{"line":11,"column":32}},"loc":{"start":{"line":11,"column":40},"end":{"line":16,"column":1}}},"1":{"name":"(anonymous_15)","decl":{"start":{"line":65,"column":8},"end":{"line":65,"column":9}},"loc":{"start":{"line":65,"column":27},"end":{"line":93,"column":1}}},"2":{"name":"(anonymous_16)","decl":{"start":{"line":71,"column":13},"end":{"line":71,"column":23}},"loc":{"start":{"line":71,"column":40},"end":{"line":74,"column":3}}},"3":{"name":"(anonymous_17)","decl":{"start":{"line":76,"column":19},"end":{"line":76,"column":22}},"loc":{"start":{"line":76,"column":24},"end":{"line":90,"column":3}}},"4":{"name":"(anonymous_18)","decl":{"start":{"line":95,"column":1},"end":{"line":95,"column":10}},"loc":{"start":{"line":95,"column":12},"end":{"line":125,"column":2}}},"5":{"name":"(anonymous_19)","decl":{"start":{"line":95,"column":12},"end":{"line":95,"column":null}},"loc":{"start":{"line":95,"column":12},"end":{"line":125,"column":1}}},"6":{"name":"(anonymous_20)","decl":{"start":{"line":97,"column":29},"end":{"line":97,"column":42}},"loc":{"start":{"line":97,"column":29},"end":{"line":97,"column":53}}},"7":{"name":"(anonymous_21)","decl":{"start":{"line":100,"column":10},"end":{"line":100,"column":11}},"loc":{"start":{"line":100,"column":74},"end":{"line":106,"column":3}}},"8":{"name":"(anonymous_22)","decl":{"start":{"line":122,"column":35},"end":{"line":122,"column":38}},"loc":{"start":{"line":122,"column":40},"end":{"line":124,"column":3}}}},"branchMap":{"0":{"loc":{"start":{"line":13,"column":2},"end":{"line":15,"column":3}},"type":"if","locations":[{"start":{"line":13,"column":2},"end":{"line":15,"column":3}}]},"1":{"loc":{"start":{"line":13,"column":6},"end":{"line":13,"column":34}},"type":"binary-expr","locations":[{"start":{"line":13,"column":6},"end":{"line":13,"column":9}},{"start":{"line":13,"column":13},"end":{"line":13,"column":34}}]},"2":{"loc":{"start":{"line":22,"column":0},"end":{"line":25,"column":1}},"type":"if","locations":[{"start":{"line":22,"column":0},"end":{"line":25,"column":1}}]},"3":{"loc":{"start":{"line":22,"column":4},"end":{"line":22,"column":77}},"type":"binary-expr","locations":[{"start":{"line":22,"column":4},"end":{"line":22,"column":29}},{"start":{"line":22,"column":33},"end":{"line":22,"column":77}}]},"4":{"loc":{"start":{"line":28,"column":0},"end":{"line":31,"column":1}},"type":"if","locations":[{"start":{"line":28,"column":0},"end":{"line":31,"column":1}}]},"5":{"loc":{"start":{"line":36,"column":2},"end":{"line":36,"column":44}},"type":"cond-expr","locations":[{"start":{"line":36,"column":26},"end":{"line":36,"column":28}},{"start":{"line":36,"column":26},"end":{"line":36,"column":44}}]},"6":{"loc":{"start":{"line":36,"column":2},"end":{"line":36,"column":28}},"type":"binary-expr","locations":[{"start":{"line":36,"column":2},"end":{"line":36,"column":28}},{"start":{"line":36,"column":26},"end":{"line":36,"column":28}}]},"7":{"loc":{"start":{"line":78,"column":4},"end":{"line":89,"column":5}},"type":"if","locations":[{"start":{"line":78,"column":4},"end":{"line":89,"column":5}}]},"8":{"loc":{"start":{"line":80,"column":6},"end":{"line":82,"column":7}},"type":"if","locations":[{"start":{"line":80,"column":6},"end":{"line":82,"column":7}}]},"9":{"loc":{"start":{"line":84,"column":6},"end":{"line":86,"column":7}},"type":"if","locations":[{"start":{"line":84,"column":6},"end":{"line":86,"column":7}}]},"10":{"loc":{"start":{"line":101,"column":19},"end":{"line":101,"column":54}},"type":"binary-expr","locations":[{"start":{"line":101,"column":19},"end":{"line":101,"column":29}},{"start":{"line":101,"column":33},"end":{"line":101,"column":47}},{"start":{"line":101,"column":51},"end":{"line":101,"column":54}}]},"11":{"loc":{"start":{"line":102,"column":20},"end":{"line":102,"column":58}},"type":"binary-expr","locations":[{"start":{"line":102,"column":20},"end":{"line":102,"column":31}},{"start":{"line":102,"column":35},"end":{"line":102,"column":58}}]},"12":{"loc":{"start":{"line":111,"column":2},"end":{"line":115,"column":3}},"type":"if","locations":[{"start":{"line":111,"column":2},"end":{"line":115,"column":3}},{"start":{"line":113,"column":9},"end":{"line":115,"column":3}}]},"13":{"loc":{"start":{"line":121,"column":24},"end":{"line":121,"column":50}},"type":"binary-expr","locations":[{"start":{"line":121,"column":24},"end":{"line":121,"column":40}},{"start":{"line":121,"column":44},"end":{"line":121,"column":50}}]}},"s":{"0":0,"1":0,"2":0,"3":0,"4":0,"5":0,"6":0,"7":0,"8":0,"9":0,"10":0,"11":0,"12":0,"13":0,"14":0,"15":0,"16":0,"17":0,"18":0,"19":0,"20":0,"21":0,"22":0,"23":0,"24":0,"25":0,"26":0,"27":0,"28":0,"29":0,"30":0,"31":0,"32":0,"33":0,"34":0,"35":0,"36":0,"37":0,"38":0,"39":0,"40":0,"41":0,"42":0,"43":0,"44":0,"45":0,"46":0,"47":0,"48":0,"49":0,"50":0,"51":0,"52":0,"53":0,"54":0,"55":0,"56":0,"57":0,"58":0},"f":{"0":0,"1":0,"2":0,"3":0,"4":0,"5":0,"6":0,"7":0,"8":0},"b":{"0":[0],"1":[0,0],"2":[0],"3":[0,0],"4":[0],"5":[0,0],"6":[0,0],"7":[0],"8":[0],"9":[0],"10":[0,0,0],"11":[0,0],"12":[0,0],"13":[0,0]}}
,"/home/runner/work/AetherMind/AetherMind/server/index_old.ts": {"path":"/home/runner/work/AetherMind/AetherMind/server/index_old.ts","statementMap":{"0":{"start":{"line":2,"column":0},"end":{"line":2,"column":24}},"1":{"start":{"line":3,"column":0},"end":{"line":3,"column":32}},"2":{"start":{"line":4,"column":0},"end":{"line":4,"column":67}},"3":{"start":{"line":7,"column":0},"end":{"line":10,"column":1}},"4":{"start":{"line":8,"column":2},"end":{"line":9,"column":158}},"5":{"start":{"line":13,"column":0},"end":{"line":16,"column":1}},"6":{"start":{"line":14,"column":2},"end":{"line":15,"column":80}},"7":{"start":{"line":18,"column":0},"end":{"line":18,"column":51}},"8":{"start":{"line":19,"column":0},"end":{"line":19,"column":57}},"9":{"start":{"line":20,"column":0},"end":{"line":20,"column":47}},"10":{"start":{"line":21,"column":0},"end":{"line":21,"column":65}},"11":{"start":{"line":22,"column":0},"end":{"line":22,"column":70}},"12":{"start":{"line":23,"column":0},"end":{"line":26,"column":2}},"13":{"start":{"line":27,"column":0},"end":{"line":30,"column":2}},"14":{"start":{"line":32,"column":0},"end":{"line":32,"column":72}},"15":{"start":{"line":33,"column":0},"end":{"line":33,"column":42}},"16":{"start":{"line":34,"column":0},"end":{"line":34,"column":53}},"17":{"start":{"line":36,"column":0},"end":{"line":36,"column":34}},"18":{"start":{"line":37,"column":0},"end":{"line":37,"column":57}},"19":{"start":{"line":38,"column":0},"end":{"line":38,"column":47}},"20":{"start":{"line":39,"column":0},"end":{"line":39,"column":65}},"21":{"start":{"line":40,"column":0},"end":{"line":40,"column":70}},"22":{"start":{"line":41,"column":0},"end":{"line":44,"column":2}},"23":{"start":{"line":45,"column":0},"end":{"line":50,"column":2}},"24":{"start":{"line":48,"column":21},"end":{"line":48,"column":45}},"25":{"start":{"line":49,"column":18},"end":{"line":49,"column":46}},"26":{"start":{"line":52,"column":12},"end":{"line":52,"column":21}},"27":{"start":{"line":53,"column":0},"end":{"line":53,"column":24}},"28":{"start":{"line":54,"column":0},"end":{"line":54,"column":49}},"29":{"start":{"line":56,"column":0},"end":{"line":84,"column":3}},"30":{"start":{"line":57,"column":16},"end":{"line":57,"column":26}},"31":{"start":{"line":58,"column":15},"end":{"line":58,"column":23}},"32":{"start":{"line":59,"column":62},"end":{"line":59,"column":71}},"33":{"start":{"line":61,"column":26},"end":{"line":61,"column":34}},"34":{"start":{"line":62,"column":2},"end":{"line":65,"column":4}},"35":{"start":{"line":63,"column":4},"end":{"line":63,"column":36}},"36":{"start":{"line":64,"column":4},"end":{"line":64,"column":59}},"37":{"start":{"line":67,"column":2},"end":{"line":81,"column":5}},"38":{"start":{"line":68,"column":21},"end":{"line":68,"column":39}},"39":{"start":{"line":69,"column":4},"end":{"line":80,"column":5}},"40":{"start":{"line":70,"column":20},"end":{"line":70,"column":78}},"41":{"start":{"line":71,"column":6},"end":{"line":73,"column":7}},"42":{"start":{"line":72,"column":8},"end":{"line":72,"column":65}},"43":{"start":{"line":75,"column":6},"end":{"line":77,"column":7}},"44":{"start":{"line":76,"column":8},"end":{"line":76,"column":45}},"45":{"start":{"line":79,"column":6},"end":{"line":79,"column":19}},"46":{"start":{"line":83,"column":2},"end":{"line":83,"column":9}},"47":{"start":{"line":86,"column":0},"end":{"line":114,"column":5}},"48":{"start":{"line":86,"column":12},"end":{"line":114,"column":2}},"49":{"start":{"line":87,"column":17},"end":{"line":87,"column":42}},"50":{"start":{"line":89,"column":2},"end":{"line":95,"column":5}},"51":{"start":{"line":90,"column":19},"end":{"line":90,"column":54}},"52":{"start":{"line":91,"column":20},"end":{"line":91,"column":58}},"53":{"start":{"line":93,"column":4},"end":{"line":93,"column":41}},"54":{"start":{"line":94,"column":4},"end":{"line":94,"column":14}},"55":{"start":{"line":100,"column":2},"end":{"line":104,"column":3}},"56":{"start":{"line":101,"column":4},"end":{"line":101,"column":33}},"57":{"start":{"line":103,"column":4},"end":{"line":103,"column":21}},"58":{"start":{"line":110,"column":15},"end":{"line":110,"column":55}},"59":{"start":{"line":111,"column":2},"end":{"line":113,"column":5}},"60":{"start":{"line":112,"column":4},"end":{"line":112,"column":35}}},"fnMap":{"0":{"name":"(anonymous_8)","decl":{"start":{"line":48,"column":12},"end":{"line":48,"column":13}},"loc":{"start":{"line":48,"column":21},"end":{"line":48,"column":45}}},"1":{"name":"(anonymous_9)","decl":{"start":{"line":49,"column":9},"end":{"line":49,"column":10}},"loc":{"start":{"line":49,"column":18},"end":{"line":49,"column":46}}},"2":{"name":"(anonymous_10)","decl":{"start":{"line":56,"column":8},"end":{"line":56,"column":9}},"loc":{"start":{"line":56,"column":27},"end":{"line":84,"column":1}}},"3":{"name":"(anonymous_11)","decl":{"start":{"line":62,"column":13},"end":{"line":62,"column":23}},"loc":{"start":{"line":62,"column":40},"end":{"line":65,"column":3}}},"4":{"name":"(anonymous_12)","decl":{"start":{"line":67,"column":19},"end":{"line":67,"column":22}},"loc":{"start":{"line":67,"column":24},"end":{"line":81,"column":3}}},"5":{"name":"(anonymous_13)","decl":{"start":{"line":86,"column":1},"end":{"line":86,"column":10}},"loc":{"start":{"line":86,"column":12},"end":{"line":114,"column":2}}},"6":{"name":"(anonymous_14)","decl":{"start":{"line":86,"column":12},"end":{"line":86,"column":null}},"loc":{"start":{"line":86,"column":12},"end":{"line":114,"column":1}}},"7":{"name":"(anonymous_15)","decl":{"start":{"line":89,"column":10},"end":{"line":89,"column":11}},"loc":{"start":{"line":89,"column":74},"end":{"line":95,"column":3}}},"8":{"name":"(anonymous_16)","decl":{"start":{"line":111,"column":35},"end":{"line":111,"column":38}},"loc":{"start":{"line":111,"column":40},"end":{"line":113,"column":3}}}},"branchMap":{"0":{"loc":{"start":{"line":7,"column":0},"end":{"line":10,"column":1}},"type":"if","locations":[{"start":{"line":7,"column":0},"end":{"line":10,"column":1}}]},"1":{"loc":{"start":{"line":13,"column":0},"end":{"line":16,"column":1}},"type":"if","locations":[{"start":{"line":13,"column":0},"end":{"line":16,"column":1}}]},"2":{"loc":{"start":{"line":22,"column":36},"end":{"line":22,"column":68}},"type":"cond-expr","locations":[{"start":{"line":22,"column":60},"end":{"line":22,"column":62}},{"start":{"line":22,"column":60},"end":{"line":22,"column":68}}]},"3":{"loc":{"start":{"line":22,"column":36},"end":{"line":22,"column":62}},"type":"binary-expr","locations":[{"start":{"line":22,"column":36},"end":{"line":22,"column":62}},{"start":{"line":22,"column":60},"end":{"line":22,"column":62}}]},"4":{"loc":{"start":{"line":25,"column":2},"end":{"line":25,"column":44}},"type":"cond-expr","locations":[{"start":{"line":25,"column":26},"end":{"line":25,"column":28}},{"start":{"line":25,"column":26},"end":{"line":25,"column":44}}]},"5":{"loc":{"start":{"line":25,"column":2},"end":{"line":25,"column":28}},"type":"binary-expr","locations":[{"start":{"line":25,"column":2},"end":{"line":25,"column":28}},{"start":{"line":25,"column":26},"end":{"line":25,"column":28}}]},"6":{"loc":{"start":{"line":40,"column":36},"end":{"line":40,"column":68}},"type":"cond-expr","locations":[{"start":{"line":40,"column":60},"end":{"line":40,"column":62}},{"start":{"line":40,"column":60},"end":{"line":40,"column":68}}]},"7":{"loc":{"start":{"line":40,"column":36},"end":{"line":40,"column":62}},"type":"binary-expr","locations":[{"start":{"line":40,"column":36},"end":{"line":40,"column":62}},{"start":{"line":40,"column":60},"end":{"line":40,"column":62}}]},"8":{"loc":{"start":{"line":43,"column":2},"end":{"line":43,"column":44}},"type":"cond-expr","locations":[{"start":{"line":43,"column":26},"end":{"line":43,"column":28}},{"start":{"line":43,"column":26},"end":{"line":43,"column":44}}]},"9":{"loc":{"start":{"line":43,"column":2},"end":{"line":43,"column":28}},"type":"binary-expr","locations":[{"start":{"line":43,"column":2},"end":{"line":43,"column":28}},{"start":{"line":43,"column":26},"end":{"line":43,"column":28}}]},"10":{"loc":{"start":{"line":69,"column":4},"end":{"line":80,"column":5}},"type":"if","locations":[{"start":{"line":69,"column":4},"end":{"line":80,"column":5}}]},"11":{"loc":{"start":{"line":71,"column":6},"end":{"line":73,"column":7}},"type":"if","locations":[{"start":{"line":71,"column":6},"end":{"line":73,"column":7}}]},"12":{"loc":{"start":{"line":75,"column":6},"end":{"line":77,"column":7}},"type":"if","locations":[{"start":{"line":75,"column":6},"end":{"line":77,"column":7}}]},"13":{"loc":{"start":{"line":90,"column":19},"end":{"line":90,"column":54}},"type":"binary-expr","locations":[{"start":{"line":90,"column":19},"end":{"line":90,"column":29}},{"start":{"line":90,"column":33},"end":{"line":90,"column":47}},{"start":{"line":90,"column":51},"end":{"line":90,"column":54}}]},"14":{"loc":{"start":{"line":91,"column":20},"end":{"line":91,"column":58}},"type":"binary-expr","locations":[{"start":{"line":91,"column":20},"end":{"line":91,"column":31}},{"start":{"line":91,"column":35},"end":{"line":91,"column":58}}]},"15":{"loc":{"start":{"line":100,"column":2},"end":{"line":104,"column":3}},"type":"if","locations":[{"start":{"line":100,"column":2},"end":{"line":104,"column":3}},{"start":{"line":102,"column":9},"end":{"line":104,"column":3}}]},"16":{"loc":{"start":{"line":110,"column":24},"end":{"line":110,"column":50}},"type":"binary-expr","locations":[{"start":{"line":110,"column":24},"end":{"line":110,"column":40}},{"start":{"line":110,"column":44},"end":{"line":110,"column":50}}]}},"s":{"0":0,"1":0,"2":0,"3":0,"4":0,"5":0,"6":0,"7":0,"8":0,"9":0,"10":0,"11":0,"12":0,"13":0,"14":0,"15":0,"16":0,"17":0,"18":0,"19":0,"20":0,"21":0,"22":0,"23":0,"24":0,"25":0,"26":0,"27":0,"28":0,"29":0,"30":0,"31":0,"32":0,"33":0,"34":0,"35":0,"36":0,"37":0,"38":0,"39":0,"40":0,"41":0,"42":0,"43":0,"44":0,"45":0,"46":0,"47":0,"48":0,"49":0,"50":0,"51":0,"52":0,"53":0,"54":0,"55":0,"56":0,"57":0,"58":0,"59":0,"60":0},"f":{"0":0,"1":0,"2":0,"3":0,"4":0,"5":0,"6":0,"7":0,"8":0},"b":{"0":[0],"1":[0],"2":[0,0],"3":[0,0],"4":[0,0],"5":[0,0],"6":[0,0],"7":[0,0],"8":[0,0],"9":[0,0],"10":[0],"11":[0],"12":[0],"13":[0,0,0],"14":[0,0],"15":[0,0],"16":[0,0]}}
,"/home/runner/work/AetherMind/AetherMind/server/routes.ts": {"path":"/home/runner/work/AetherMind/AetherMind/server/routes.ts","statementMap":{"0":{"start":{"line":57,"column":0},"end":{"line":57,"column":22}},"1":{"start":{"line":2,"column":0},"end":{"line":2,"column":49}},"2":{"start":{"line":3,"column":0},"end":{"line":3,"column":28}},"3":{"start":{"line":4,"column":0},"end":{"line":4,"column":31}},"4":{"start":{"line":5,"column":0},"end":{"line":5,"column":36}},"5":{"start":{"line":6,"column":0},"end":{"line":6,"column":41}},"6":{"start":{"line":7,"column":0},"end":{"line":7,"column":35}},"7":{"start":{"line":8,"column":0},"end":{"line":8,"column":null}},"8":{"start":{"line":17,"column":15},"end":{"line":20,"column":2}},"9":{"start":{"line":25,"column":2},"end":{"line":27,"column":3}},"10":{"start":{"line":26,"column":4},"end":{"line":26,"column":18}},"11":{"start":{"line":30,"column":21},"end":{"line":30,"column":46}},"12":{"start":{"line":31,"column":2},"end":{"line":52,"column":3}},"13":{"start":{"line":32,"column":18},"end":{"line":32,"column":41}},"14":{"start":{"line":34,"column":23},"end":{"line":34,"column":74}},"15":{"start":{"line":36,"column":4},"end":{"line":51,"column":5}},"16":{"start":{"line":37,"column":22},"end":{"line":37,"column":null}},"17":{"start":{"line":41,"column":6},"end":{"line":48,"column":7}},"18":{"start":{"line":43,"column":21},"end":{"line":43,"column":54}},"19":{"start":{"line":44,"column":8},"end":{"line":47,"column":9}},"20":{"start":{"line":45,"column":10},"end":{"line":45,"column":26}},"21":{"start":{"line":46,"column":10},"end":{"line":46,"column":24}},"22":{"start":{"line":54,"column":2},"end":{"line":54,"column":68}},"23":{"start":{"line":59,"column":2},"end":{"line":59,"column":17}},"24":{"start":{"line":62,"column":2},"end":{"line":69,"column":5}},"25":{"start":{"line":62,"column":59},"end":{"line":69,"column":4}},"26":{"start":{"line":63,"column":4},"end":{"line":68,"column":5}},"27":{"start":{"line":64,"column":23},"end":{"line":64,"column":66}},"28":{"start":{"line":65,"column":6},"end":{"line":65,"column":25}},"29":{"start":{"line":67,"column":6},"end":{"line":67,"column":66}},"30":{"start":{"line":71,"column":2},"end":{"line":82,"column":5}},"31":{"start":{"line":71,"column":60},"end":{"line":82,"column":4}},"32":{"start":{"line":72,"column":4},"end":{"line":81,"column":5}},"33":{"start":{"line":73,"column":24},"end":{"line":75,"column":null}},"34":{"start":{"line":77,"column":22},"end":{"line":77,"column":60}},"35":{"start":{"line":78,"column":6},"end":{"line":78,"column":36}},"36":{"start":{"line":80,"column":6},"end":{"line":80,"column":62}},"37":{"start":{"line":85,"column":2},"end":{"line":93,"column":5}},"38":{"start":{"line":85,"column":63},"end":{"line":93,"column":4}},"39":{"start":{"line":86,"column":4},"end":{"line":92,"column":5}},"40":{"start":{"line":87,"column":6},"end":{"line":87,"column":51}},"41":{"start":{"line":88,"column":6},"end":{"line":88,"column":66}},"42":{"start":{"line":90,"column":6},"end":{"line":90,"column":56}},"43":{"start":{"line":91,"column":6},"end":{"line":91,"column":67}},"44":{"start":{"line":96,"column":2},"end":{"line":107,"column":5}},"45":{"start":{"line":96,"column":56},"end":{"line":107,"column":4}},"46":{"start":{"line":97,"column":4},"end":{"line":106,"column":5}},"47":{"start":{"line":98,"column":37},"end":{"line":98,"column":46}},"48":{"start":{"line":99,"column":20},"end":{"line":102,"column":8}},"49":{"start":{"line":103,"column":6},"end":{"line":103,"column":22}},"50":{"start":{"line":105,"column":6},"end":{"line":105,"column":63}},"51":{"start":{"line":110,"column":2},"end":{"line":183,"column":4}},"52":{"start":{"line":114,"column":23},"end":{"line":182,"column":null}},"53":{"start":{"line":115,"column":6},"end":{"line":181,"column":7}},"54":{"start":{"line":117,"column":26},"end":{"line":119,"column":null}},"55":{"start":{"line":121,"column":8},"end":{"line":125,"column":9}},"56":{"start":{"line":122,"column":10},"end":{"line":124,"column":62}},"57":{"start":{"line":127,"column":8},"end":{"line":129,"column":9}},"58":{"start":{"line":128,"column":10},"end":{"line":128,"column":69}},"59":{"start":{"line":132,"column":29},"end":{"line":139,"column":10}},"60":{"start":{"line":140,"column":8},"end":{"line":145,"column":9}},"61":{"start":{"line":141,"column":10},"end":{"line":144,"column":13}},"62":{"start":{"line":148,"column":24},"end":{"line":151,"column":null}},"63":{"start":{"line":154,"column":25},"end":{"line":166,"column":10}},"64":{"start":{"line":169,"column":26},"end":{"line":169,"column":58}},"65":{"start":{"line":170,"column":21},"end":{"line":170,"column":56}},"66":{"start":{"line":171,"column":8},"end":{"line":171,"column":35}},"67":{"start":{"line":173,"column":8},"end":{"line":173,"column":51}},"68":{"start":{"line":174,"column":8},"end":{"line":179,"column":9}},"69":{"start":{"line":175,"column":10},"end":{"line":178,"column":13}},"70":{"start":{"line":180,"column":8},"end":{"line":180,"column":62}},"71":{"start":{"line":185,"column":2},"end":{"line":201,"column":5}},"72":{"start":{"line":185,"column":76},"end":{"line":201,"column":4}},"73":{"start":{"line":186,"column":4},"end":{"line":200,"column":5}},"74":{"start":{"line":188,"column":24},"end":{"line":190,"column":null}},"75":{"start":{"line":192,"column":6},"end":{"line":194,"column":7}},"76":{"start":{"line":193,"column":8},"end":{"line":193,"column":80}},"77":{"start":{"line":196,"column":20},"end":{"line":196,"column":71}},"78":{"start":{"line":197,"column":6},"end":{"line":197,"column":22}},"79":{"start":{"line":199,"column":6},"end":{"line":199,"column":63}},"80":{"start":{"line":203,"column":2},"end":{"line":219,"column":5}},"81":{"start":{"line":203,"column":67},"end":{"line":219,"column":4}},"82":{"start":{"line":204,"column":4},"end":{"line":218,"column":5}},"83":{"start":{"line":206,"column":24},"end":{"line":208,"column":null}},"84":{"start":{"line":210,"column":6},"end":{"line":212,"column":7}},"85":{"start":{"line":211,"column":8},"end":{"line":211,"column":77}},"86":{"start":{"line":214,"column":6},"end":{"line":214,"column":50}},"87":{"start":{"line":215,"column":6},"end":{"line":215,"column":29}},"88":{"start":{"line":217,"column":6},"end":{"line":217,"column":63}},"89":{"start":{"line":222,"column":2},"end":{"line":270,"column":5}},"90":{"start":{"line":222,"column":73},"end":{"line":270,"column":4}},"91":{"start":{"line":223,"column":4},"end":{"line":269,"column":5}},"92":{"start":{"line":224,"column":24},"end":{"line":226,"column":null}},"93":{"start":{"line":228,"column":6},"end":{"line":230,"column":7}},"94":{"start":{"line":229,"column":8},"end":{"line":229,"column":77}},"95":{"start":{"line":232,"column":19},"end":{"line":232,"column":59}},"96":{"start":{"line":233,"column":6},"end":{"line":235,"column":7}},"97":{"start":{"line":234,"column":8},"end":{"line":234,"column":65}},"98":{"start":{"line":237,"column":43},"end":{"line":237,"column":51}},"99":{"start":{"line":238,"column":33},"end":{"line":244,"column":8}},"100":{"start":{"line":246,"column":6},"end":{"line":251,"column":7}},"101":{"start":{"line":247,"column":8},"end":{"line":250,"column":11}},"102":{"start":{"line":253,"column":23},"end":{"line":256,"column":null}},"103":{"start":{"line":259,"column":6},"end":{"line":265,"column":9}},"104":{"start":{"line":267,"column":6},"end":{"line":267,"column":55}},"105":{"start":{"line":268,"column":6},"end":{"line":268,"column":68}},"106":{"start":{"line":273,"column":2},"end":{"line":346,"column":5}},"107":{"start":{"line":273,"column":62},"end":{"line":346,"column":4}},"108":{"start":{"line":274,"column":4},"end":{"line":345,"column":5}},"109":{"start":{"line":275,"column":71},"end":{"line":275,"column":79}},"110":{"start":{"line":278,"column":6},"end":{"line":282,"column":7}},"111":{"start":{"line":279,"column":8},"end":{"line":281,"column":69}},"112":{"start":{"line":283,"column":6},"end":{"line":285,"column":7}},"113":{"start":{"line":284,"column":8},"end":{"line":284,"column":69}},"114":{"start":{"line":288,"column":6},"end":{"line":313,"column":7}},"115":{"start":{"line":290,"column":33},"end":{"line":292,"column":null}},"116":{"start":{"line":294,"column":8},"end":{"line":298,"column":9}},"117":{"start":{"line":295,"column":10},"end":{"line":297,"column":62}},"118":{"start":{"line":301,"column":30},"end":{"line":303,"column":null}},"119":{"start":{"line":305,"column":8},"end":{"line":307,"column":9}},"120":{"start":{"line":306,"column":10},"end":{"line":306,"column":79}},"121":{"start":{"line":308,"column":8},"end":{"line":312,"column":9}},"122":{"start":{"line":309,"column":10},"end":{"line":311,"column":78}},"123":{"start":{"line":315,"column":24},"end":{"line":315,"column":26}},"124":{"start":{"line":316,"column":6},"end":{"line":332,"column":7}},"125":{"start":{"line":318,"column":8},"end":{"line":328,"column":9}},"126":{"start":{"line":319,"column":32},"end":{"line":321,"column":null}},"127":{"start":{"line":323,"column":10},"end":{"line":327,"column":11}},"128":{"start":{"line":324,"column":12},"end":{"line":326,"column":61}},"129":{"start":{"line":330,"column":21},"end":{"line":330,"column":50}},"130":{"start":{"line":331,"column":8},"end":{"line":331,"column":42}},"131":{"start":{"line":334,"column":21},"end":{"line":339,"column":8}},"132":{"start":{"line":341,"column":6},"end":{"line":341,"column":23}},"133":{"start":{"line":343,"column":6},"end":{"line":343,"column":49}},"134":{"start":{"line":344,"column":6},"end":{"line":344,"column":60}},"135":{"start":{"line":349,"column":2},"end":{"line":385,"column":4}},"136":{"start":{"line":352,"column":23},"end":{"line":384,"column":null}},"137":{"start":{"line":353,"column":6},"end":{"line":383,"column":7}},"138":{"start":{"line":355,"column":26},"end":{"line":357,"column":null}},"139":{"start":{"line":359,"column":8},"end":{"line":363,"column":9}},"140":{"start":{"line":360,"column":10},"end":{"line":362,"column":62}},"141":{"start":{"line":365,"column":30},"end":{"line":368,"column":null}},"142":{"start":{"line":372,"column":26},"end":{"line":372,"column":74}},"143":{"start":{"line":373,"column":29},"end":{"line":373,"column":72}},"144":{"start":{"line":374,"column":8},"end":{"line":374,"column":43}},"145":{"start":{"line":376,"column":8},"end":{"line":381,"column":9}},"146":{"start":{"line":377,"column":10},"end":{"line":380,"column":13}},"147":{"start":{"line":382,"column":8},"end":{"line":382,"column":73}},"148":{"start":{"line":387,"column":2},"end":{"line":499,"column":4}},"149":{"start":{"line":390,"column":23},"end":{"line":498,"column":null}},"150":{"start":{"line":391,"column":6},"end":{"line":497,"column":7}},"151":{"start":{"line":392,"column":42},"end":{"line":392,"column":50}},"152":{"start":{"line":395,"column":26},"end":{"line":397,"column":null}},"153":{"start":{"line":399,"column":8},"end":{"line":403,"column":9}},"154":{"start":{"line":400,"column":10},"end":{"line":402,"column":67}},"155":{"start":{"line":406,"column":8},"end":{"line":412,"column":9}},"156":{"start":{"line":411,"column":10},"end":{"line":411,"column":80}},"157":{"start":{"line":415,"column":8},"end":{"line":433,"column":9}},"158":{"start":{"line":416,"column":10},"end":{"line":432,"column":11}},"159":{"start":{"line":417,"column":34},"end":{"line":419,"column":null}},"160":{"start":{"line":421,"column":12},"end":{"line":425,"column":13}},"161":{"start":{"line":422,"column":14},"end":{"line":424,"column":68}},"162":{"start":{"line":427,"column":12},"end":{"line":431,"column":13}},"163":{"start":{"line":428,"column":14},"end":{"line":430,"column":17}},"164":{"start":{"line":436,"column":32},"end":{"line":442,"column":10}},"165":{"start":{"line":444,"column":37},"end":{"line":444,"column":79}},"166":{"start":{"line":445,"column":28},"end":{"line":445,"column":74}},"167":{"start":{"line":448,"column":29},"end":{"line":448,"column":31}},"168":{"start":{"line":449,"column":8},"end":{"line":456,"column":9}},"169":{"start":{"line":450,"column":10},"end":{"line":455,"column":11}},"170":{"start":{"line":451,"column":25},"end":{"line":451,"column":54}},"171":{"start":{"line":452,"column":12},"end":{"line":454,"column":13}},"172":{"start":{"line":453,"column":14},"end":{"line":453,"column":46}},"173":{"start":{"line":459,"column":28},"end":{"line":460,"column":null}},"174":{"start":{"line":462,"column":36},"end":{"line":466,"column":11}},"175":{"start":{"line":462,"column":73},"end":{"line":466,"column":10}},"176":{"start":{"line":469,"column":27},"end":{"line":472,"column":null}},"177":{"start":{"line":476,"column":30},"end":{"line":482,"column":10}},"178":{"start":{"line":484,"column":35},"end":{"line":484,"column":75}},"179":{"start":{"line":485,"column":26},"end":{"line":485,"column":70}},"180":{"start":{"line":487,"column":8},"end":{"line":487,"column":45}},"181":{"start":{"line":489,"column":8},"end":{"line":489,"column":44}},"182":{"start":{"line":490,"column":8},"end":{"line":495,"column":9}},"183":{"start":{"line":491,"column":10},"end":{"line":494,"column":13}},"184":{"start":{"line":496,"column":8},"end":{"line":496,"column":55}},"185":{"start":{"line":501,"column":2},"end":{"line":525,"column":4}},"186":{"start":{"line":504,"column":23},"end":{"line":524,"column":null}},"187":{"start":{"line":505,"column":6},"end":{"line":523,"column":7}},"188":{"start":{"line":507,"column":26},"end":{"line":509,"column":null}},"189":{"start":{"line":511,"column":8},"end":{"line":515,"column":9}},"190":{"start":{"line":512,"column":10},"end":{"line":514,"column":67}},"191":{"start":{"line":517,"column":25},"end":{"line":518,"column":null}},"192":{"start":{"line":520,"column":8},"end":{"line":520,"column":27}},"193":{"start":{"line":522,"column":8},"end":{"line":522,"column":68}},"194":{"start":{"line":528,"column":2},"end":{"line":557,"column":5}},"195":{"start":{"line":528,"column":77},"end":{"line":557,"column":4}},"196":{"start":{"line":529,"column":4},"end":{"line":556,"column":5}},"197":{"start":{"line":531,"column":24},"end":{"line":533,"column":null}},"198":{"start":{"line":535,"column":6},"end":{"line":537,"column":7}},"199":{"start":{"line":536,"column":8},"end":{"line":536,"column":80}},"200":{"start":{"line":539,"column":20},"end":{"line":542,"column":null}},"201":{"start":{"line":546,"column":24},"end":{"line":546,"column":56}},"202":{"start":{"line":547,"column":19},"end":{"line":547,"column":54}},"203":{"start":{"line":548,"column":6},"end":{"line":548,"column":33}},"204":{"start":{"line":550,"column":6},"end":{"line":554,"column":7}},"205":{"start":{"line":551,"column":8},"end":{"line":553,"column":80}},"206":{"start":{"line":555,"column":6},"end":{"line":555,"column":63}},"207":{"start":{"line":559,"column":2},"end":{"line":575,"column":5}},"208":{"start":{"line":559,"column":76},"end":{"line":575,"column":4}},"209":{"start":{"line":560,"column":4},"end":{"line":574,"column":5}},"210":{"start":{"line":562,"column":24},"end":{"line":564,"column":null}},"211":{"start":{"line":566,"column":6},"end":{"line":568,"column":7}},"212":{"start":{"line":567,"column":8},"end":{"line":567,"column":80}},"213":{"start":{"line":570,"column":20},"end":{"line":570,"column":71}},"214":{"start":{"line":571,"column":6},"end":{"line":571,"column":22}},"215":{"start":{"line":573,"column":6},"end":{"line":573,"column":63}},"216":{"start":{"line":577,"column":2},"end":{"line":612,"column":5}},"217":{"start":{"line":577,"column":73},"end":{"line":612,"column":4}},"218":{"start":{"line":578,"column":4},"end":{"line":611,"column":5}},"219":{"start":{"line":580,"column":24},"end":{"line":582,"column":null}},"220":{"start":{"line":584,"column":6},"end":{"line":586,"column":7}},"221":{"start":{"line":585,"column":8},"end":{"line":585,"column":77}},"222":{"start":{"line":588,"column":35},"end":{"line":588,"column":43}},"223":{"start":{"line":591,"column":28},"end":{"line":591,"column":78}},"224":{"start":{"line":592,"column":6},"end":{"line":596,"column":7}},"225":{"start":{"line":593,"column":8},"end":{"line":595,"column":11}},"226":{"start":{"line":598,"column":6},"end":{"line":605,"column":7}},"227":{"start":{"line":602,"column":8},"end":{"line":604,"column":74}},"228":{"start":{"line":607,"column":6},"end":{"line":607,"column":74}},"229":{"start":{"line":608,"column":6},"end":{"line":608,"column":29}},"230":{"start":{"line":610,"column":6},"end":{"line":610,"column":63}},"231":{"start":{"line":614,"column":21},"end":{"line":614,"column":38}},"232":{"start":{"line":615,"column":2},"end":{"line":615,"column":20}}},"fnMap":{"0":{"name":"requireAuth","decl":{"start":{"line":23,"column":15},"end":{"line":23,"column":26}},"loc":{"start":{"line":23,"column":56},"end":{"line":55,"column":null}}},"1":{"name":"registerRoutes","decl":{"start":{"line":57,"column":22},"end":{"line":57,"column":36}},"loc":{"start":{"line":57,"column":49},"end":{"line":616,"column":null}}},"2":{"name":"(anonymous_12)","decl":{"start":{"line":62,"column":40},"end":{"line":62,"column":47}},"loc":{"start":{"line":62,"column":59},"end":{"line":69,"column":4}}},"3":{"name":"(anonymous_13)","decl":{"start":{"line":62,"column":59},"end":{"line":62,"column":null}},"loc":{"start":{"line":62,"column":59},"end":{"line":69,"column":3}}},"4":{"name":"(anonymous_14)","decl":{"start":{"line":71,"column":41},"end":{"line":71,"column":48}},"loc":{"start":{"line":71,"column":60},"end":{"line":82,"column":4}}},"5":{"name":"(anonymous_15)","decl":{"start":{"line":71,"column":60},"end":{"line":71,"column":null}},"loc":{"start":{"line":71,"column":60},"end":{"line":82,"column":3}}},"6":{"name":"(anonymous_16)","decl":{"start":{"line":85,"column":44},"end":{"line":85,"column":51}},"loc":{"start":{"line":85,"column":63},"end":{"line":93,"column":4}}},"7":{"name":"(anonymous_17)","decl":{"start":{"line":85,"column":63},"end":{"line":85,"column":null}},"loc":{"start":{"line":85,"column":63},"end":{"line":93,"column":3}}},"8":{"name":"(anonymous_18)","decl":{"start":{"line":96,"column":37},"end":{"line":96,"column":44}},"loc":{"start":{"line":96,"column":56},"end":{"line":107,"column":4}}},"9":{"name":"(anonymous_19)","decl":{"start":{"line":96,"column":56},"end":{"line":96,"column":null}},"loc":{"start":{"line":96,"column":56},"end":{"line":107,"column":3}}},"10":{"name":"(anonymous_20)","decl":{"start":{"line":114,"column":4},"end":{"line":114,"column":11}},"loc":{"start":{"line":114,"column":23},"end":{"line":182,"column":null}}},"11":{"name":"(anonymous_21)","decl":{"start":{"line":114,"column":23},"end":{"line":114,"column":null}},"loc":{"start":{"line":114,"column":23},"end":{"line":182,"column":5}}},"12":{"name":"(anonymous_22)","decl":{"start":{"line":185,"column":57},"end":{"line":185,"column":64}},"loc":{"start":{"line":185,"column":76},"end":{"line":201,"column":4}}},"13":{"name":"(anonymous_23)","decl":{"start":{"line":185,"column":76},"end":{"line":185,"column":null}},"loc":{"start":{"line":185,"column":76},"end":{"line":201,"column":3}}},"14":{"name":"(anonymous_24)","decl":{"start":{"line":203,"column":48},"end":{"line":203,"column":55}},"loc":{"start":{"line":203,"column":67},"end":{"line":219,"column":4}}},"15":{"name":"(anonymous_25)","decl":{"start":{"line":203,"column":67},"end":{"line":203,"column":null}},"loc":{"start":{"line":203,"column":67},"end":{"line":219,"column":3}}},"16":{"name":"(anonymous_26)","decl":{"start":{"line":222,"column":54},"end":{"line":222,"column":61}},"loc":{"start":{"line":222,"column":73},"end":{"line":270,"column":4}}},"17":{"name":"(anonymous_27)","decl":{"start":{"line":222,"column":73},"end":{"line":222,"column":null}},"loc":{"start":{"line":222,"column":73},"end":{"line":270,"column":3}}},"18":{"name":"(anonymous_28)","decl":{"start":{"line":273,"column":43},"end":{"line":273,"column":50}},"loc":{"start":{"line":273,"column":62},"end":{"line":346,"column":4}}},"19":{"name":"(anonymous_29)","decl":{"start":{"line":273,"column":62},"end":{"line":273,"column":null}},"loc":{"start":{"line":273,"column":62},"end":{"line":346,"column":3}}},"20":{"name":"(anonymous_30)","decl":{"start":{"line":352,"column":4},"end":{"line":352,"column":11}},"loc":{"start":{"line":352,"column":23},"end":{"line":384,"column":null}}},"21":{"name":"(anonymous_31)","decl":{"start":{"line":352,"column":23},"end":{"line":352,"column":null}},"loc":{"start":{"line":352,"column":23},"end":{"line":384,"column":5}}},"22":{"name":"(anonymous_32)","decl":{"start":{"line":390,"column":4},"end":{"line":390,"column":11}},"loc":{"start":{"line":390,"column":23},"end":{"line":498,"column":null}}},"23":{"name":"(anonymous_33)","decl":{"start":{"line":390,"column":23},"end":{"line":390,"column":null}},"loc":{"start":{"line":390,"column":23},"end":{"line":498,"column":5}}},"24":{"name":"(anonymous_34)","decl":{"start":{"line":462,"column":63},"end":{"line":462,"column":64}},"loc":{"start":{"line":462,"column":73},"end":{"line":466,"column":10}}},"25":{"name":"(anonymous_35)","decl":{"start":{"line":504,"column":4},"end":{"line":504,"column":11}},"loc":{"start":{"line":504,"column":23},"end":{"line":524,"column":null}}},"26":{"name":"(anonymous_36)","decl":{"start":{"line":504,"column":23},"end":{"line":504,"column":null}},"loc":{"start":{"line":504,"column":23},"end":{"line":524,"column":5}}},"27":{"name":"(anonymous_37)","decl":{"start":{"line":528,"column":58},"end":{"line":528,"column":65}},"loc":{"start":{"line":528,"column":77},"end":{"line":557,"column":4}}},"28":{"name":"(anonymous_38)","decl":{"start":{"line":528,"column":77},"end":{"line":528,"column":null}},"loc":{"start":{"line":528,"column":77},"end":{"line":557,"column":3}}},"29":{"name":"(anonymous_39)","decl":{"start":{"line":559,"column":57},"end":{"line":559,"column":64}},"loc":{"start":{"line":559,"column":76},"end":{"line":575,"column":4}}},"30":{"name":"(anonymous_40)","decl":{"start":{"line":559,"column":76},"end":{"line":559,"column":null}},"loc":{"start":{"line":559,"column":76},"end":{"line":575,"column":3}}},"31":{"name":"(anonymous_41)","decl":{"start":{"line":577,"column":54},"end":{"line":577,"column":61}},"loc":{"start":{"line":577,"column":73},"end":{"line":612,"column":4}}},"32":{"name":"(anonymous_42)","decl":{"start":{"line":577,"column":73},"end":{"line":577,"column":null}},"loc":{"start":{"line":577,"column":73},"end":{"line":612,"column":3}}}},"branchMap":{"0":{"loc":{"start":{"line":25,"column":2},"end":{"line":27,"column":3}},"type":"if","locations":[{"start":{"line":25,"column":2},"end":{"line":27,"column":3}}]},"1":{"loc":{"start":{"line":25,"column":6},"end":{"line":25,"column":39}},"type":"binary-expr","locations":[{"start":{"line":25,"column":6},"end":{"line":25,"column":27}},{"start":{"line":25,"column":31},"end":{"line":25,"column":39}}]},"2":{"loc":{"start":{"line":31,"column":2},"end":{"line":52,"column":3}},"type":"if","locations":[{"start":{"line":31,"column":2},"end":{"line":52,"column":3}}]},"3":{"loc":{"start":{"line":31,"column":6},"end":{"line":31,"column":52}},"type":"binary-expr","locations":[{"start":{"line":31,"column":6},"end":{"line":31,"column":16}},{"start":{"line":31,"column":20},"end":{"line":31,"column":52}}]},"4":{"loc":{"start":{"line":34,"column":23},"end":{"line":34,"column":74}},"type":"binary-expr","locations":[{"start":{"line":34,"column":23},"end":{"line":34,"column":49}},{"start":{"line":34,"column":53},"end":{"line":34,"column":74}}]},"5":{"loc":{"start":{"line":41,"column":6},"end":{"line":48,"column":7}},"type":"if","locations":[{"start":{"line":41,"column":6},"end":{"line":48,"column":7}}]},"6":{"loc":{"start":{"line":44,"column":8},"end":{"line":47,"column":9}},"type":"if","locations":[{"start":{"line":44,"column":8},"end":{"line":47,"column":9}}]},"7":{"loc":{"start":{"line":100,"column":19},"end":{"line":100,"column":62}},"type":"cond-expr","locations":[{"start":{"line":100,"column":32},"end":{"line":100,"column":50}},{"start":{"line":100,"column":53},"end":{"line":100,"column":62}}]},"8":{"loc":{"start":{"line":101,"column":16},"end":{"line":101,"column":51}},"type":"cond-expr","locations":[{"start":{"line":101,"column":25},"end":{"line":101,"column":39}},{"start":{"line":101,"column":42},"end":{"line":101,"column":51}}]},"9":{"loc":{"start":{"line":121,"column":8},"end":{"line":125,"column":9}},"type":"if","locations":[{"start":{"line":121,"column":8},"end":{"line":125,"column":9}}]},"10":{"loc":{"start":{"line":127,"column":8},"end":{"line":129,"column":9}},"type":"if","locations":[{"start":{"line":127,"column":8},"end":{"line":129,"column":9}}]},"11":{"loc":{"start":{"line":140,"column":8},"end":{"line":145,"column":9}},"type":"if","locations":[{"start":{"line":140,"column":8},"end":{"line":145,"column":9}}]},"12":{"loc":{"start":{"line":155,"column":16},"end":{"line":155,"column":58}},"type":"binary-expr","locations":[{"start":{"line":155,"column":16},"end":{"line":155,"column":33}},{"start":{"line":155,"column":37},"end":{"line":155,"column":58}}]},"13":{"loc":{"start":{"line":174,"column":8},"end":{"line":179,"column":9}},"type":"if","locations":[{"start":{"line":174,"column":8},"end":{"line":179,"column":9}}]},"14":{"loc":{"start":{"line":174,"column":12},"end":{"line":174,"column":63}},"type":"binary-expr","locations":[{"start":{"line":174,"column":12},"end":{"line":174,"column":34}},{"start":{"line":174,"column":38},"end":{"line":174,"column":63}}]},"15":{"loc":{"start":{"line":192,"column":6},"end":{"line":194,"column":7}},"type":"if","locations":[{"start":{"line":192,"column":6},"end":{"line":194,"column":7}}]},"16":{"loc":{"start":{"line":210,"column":6},"end":{"line":212,"column":7}},"type":"if","locations":[{"start":{"line":210,"column":6},"end":{"line":212,"column":7}}]},"17":{"loc":{"start":{"line":228,"column":6},"end":{"line":230,"column":7}},"type":"if","locations":[{"start":{"line":228,"column":6},"end":{"line":230,"column":7}}]},"18":{"loc":{"start":{"line":233,"column":6},"end":{"line":235,"column":7}},"type":"if","locations":[{"start":{"line":233,"column":6},"end":{"line":235,"column":7}}]},"19":{"loc":{"start":{"line":237,"column":14},"end":{"line":237,"column":38}},"type":"default-arg","locations":[{"start":{"line":237,"column":29},"end":{"line":237,"column":38}}]},"20":{"loc":{"start":{"line":246,"column":6},"end":{"line":251,"column":7}},"type":"if","locations":[{"start":{"line":246,"column":6},"end":{"line":251,"column":7}}]},"21":{"loc":{"start":{"line":254,"column":8},"end":{"line":254,"column":61}},"type":"binary-expr","locations":[{"start":{"line":254,"column":8},"end":{
[...]
5,"column":37}},"type":"default-arg","locations":[{"start":{"line":355,"column":35},"end":{"line":355,"column":37}}]},"37":{"loc":{"start":{"line":362,"column":8},"end":{"line":366,"column":9}},"type":"if","locations":[{"start":{"line":362,"column":8},"end":{"line":366,"column":9}}]},"38":{"loc":{"start":{"line":369,"column":8},"end":{"line":375,"column":9}},"type":"if","locations":[{"start":{"line":369,"column":8},"end":{"line":375,"column":9}}]},"39":{"loc":{"start":{"line":370,"column":10},"end":{"line":372,"column":37}},"type":"binary-expr","locations":[{"start":{"line":370,"column":10},"end":{"line":370,"column":18}},{"start":{"line":371,"column":10},"end":{"line":371,"column":37}},{"start":{"line":372,"column":10},"end":{"line":372,"column":37}}]},"40":{"loc":{"start":{"line":378,"column":8},"end":{"line":398,"column":9}},"type":"if","locations":[{"start":{"line":378,"column":8},"end":{"line":398,"column":9}}]},"41":{"loc":{"start":{"line":384,"column":12},"end":{"line":388,"column":13}},"type":"if","locations":[{"start":{"line":384,"column":12},"end":{"line":388,"column":13}}]},"42":{"loc":{"start":{"line":390,"column":12},"end":{"line":396,"column":13}},"type":"if","locations":[{"start":{"line":390,"column":12},"end":{"line":396,"column":13}}]},"43":{"loc":{"start":{"line":414,"column":8},"end":{"line":421,"column":9}},"type":"if","locations":[{"start":{"line":414,"column":8},"end":{"line":421,"column":9}}]},"44":{"loc":{"start":{"line":417,"column":12},"end":{"line":419,"column":13}},"type":"if","locations":[{"start":{"line":417,"column":12},"end":{"line":419,"column":13}}]},"45":{"loc":{"start":{"line":417,"column":16},"end":{"line":417,"column":29}},"type":"cond-expr","locations":[{"start":{"line":417,"column":20},"end":{"line":417,"column":22}},{"start":{"line":417,"column":16},"end":{"line":417,"column":29}}]},"46":{"loc":{"start":{"line":417,"column":16},"end":{"line":417,"column":22}},"type":"binary-expr","locations":[{"start":{"line":417,"column":16},"end":{"line":417,"column":22}},{"start":{"line":417,"column":16},"end":{"line":417,"column":22}}]},"47":{"loc":{"start":{"line":429,"column":12},"end":{"line":429,"column":78}},"type":"cond-expr","locations":[{"start":{"line":429,"column":37},"end":{"line":429,"column":53}},{"start":{"line":429,"column":57},"end":{"line":429,"column":78}}]},"48":{"loc":{"start":{"line":455,"column":8},"end":{"line":462,"column":9}},"type":"if","locations":[{"start":{"line":455,"column":8},"end":{"line":462,"column":9}}]},"49":{"loc":{"start":{"line":455,"column":12},"end":{"line":455,"column":63}},"type":"binary-expr","locations":[{"start":{"line":455,"column":12},"end":{"line":455,"column":34}},{"start":{"line":455,"column":38},"end":{"line":455,"column":63}}]},"50":{"loc":{"start":{"line":478,"column":8},"end":{"line":482,"column":9}},"type":"if","locations":[{"start":{"line":478,"column":8},"end":{"line":482,"column":9}}]},"51":{"loc":{"start":{"line":502,"column":6},"end":{"line":504,"column":7}},"type":"if","locations":[{"start":{"line":502,"column":6},"end":{"line":504,"column":7}}]},"52":{"loc":{"start":{"line":517,"column":6},"end":{"line":521,"column":7}},"type":"if","locations":[{"start":{"line":517,"column":6},"end":{"line":521,"column":7}}]},"53":{"loc":{"start":{"line":517,"column":10},"end":{"line":517,"column":61}},"type":"binary-expr","locations":[{"start":{"line":517,"column":10},"end":{"line":517,"column":32}},{"start":{"line":517,"column":36},"end":{"line":517,"column":61}}]},"54":{"loc":{"start":{"line":533,"column":6},"end":{"line":535,"column":7}},"type":"if","locations":[{"start":{"line":533,"column":6},"end":{"line":535,"column":7}}]},"55":{"loc":{"start":{"line":551,"column":6},"end":{"line":553,"column":7}},"type":"if","locations":[{"start":{"line":551,"column":6},"end":{"line":553,"column":7}}]},"56":{"loc":{"start":{"line":559,"column":6},"end":{"line":566,"column":7}},"type":"if","locations":[{"start":{"line":559,"column":6},"end":{"line":566,"column":7}}]},"57":{"loc":{"start":{"line":559,"column":10},"end":{"line":559,"column":52}},"type":"binary-expr","locations":[{"start":{"line":559,"column":10},"end":{"line":559,"column":17}},{"start":{"line":559,"column":21},"end":{"line":559,"column":52}}]},"58":{"loc":{"start":{"line":568,"column":6},"end":{"line":575,"column":7}},"type":"if","locations":[{"start":{"line":568,"column":6},"end":{"line":575,"column":7}}]},"59":{"loc":{"start":{"line":569,"column":8},"end":{"line":570,"column":72}},"type":"binary-expr","locations":[{"start":{"line":569,"column":8},"end":{"line":569,"column":30}},{"start":{"line":570,"column":9},"end":{"line":570,"column":37}},{"start":{"line":570,"column":41},"end":{"line":570,"column":53}},{"start":{"line":570,"column":57},"end":{"line":570,"column":71}}]}},"s":{"0":0,"1":0,"2":0,"3":0,"4":0,"5":0,"6":0,"7":0,"8":0,"9":0,"10":0,"11":0,"12":0,"13":0,"14":0,"15":0,"16":0,"17":0,"18":0,"19":0,"20":0,"21":0,"22":0,"23":0,"24":0,"25":0,"26":0,"27":0,"28":0,"29":0,"30":0,"31":0,"32":0,"33":0,"34":0,"35":0,"36":0,"37":0,"38":0,"39":0,"40":0,"41":0,"42":0,"43":0,"44":0,"45":0,"46":0,"47":0,"48":0,"49":0,"50":0,"51":0,"52":0,"53":0,"54":0,"55":0,"56":0,"57":0,"58":0,"59":0,"60":0,"61":0,"62":0,"63":0,"64":0,"65":0,"66":0,"67":0,"68":0,"69":0,"70":0,"71":0,"72":0,"73":0,"74":0,"75":0,"76":0,"77":0,"78":0,"79":0,"80":0,"81":0,"82":0,"83":0,"84":0,"85":0,"86":0,"87":0,"88":0,"89":0,"90":0,"91":0,"92":0,"93":0,"94":0,"95":0,"96":0,"97":0,"98":0,"99":0,"100":0,"101":0,"102":0,"103":0,"104":0,"105":0,"106":0,"107":0,"108":0,"109":0,"110":0,"111":0,"112":0,"113":0,"114":0,"115":0,"116":0,"117":0,"118":0,"119":0,"120":0,"121":0,"122":0,"123":0,"124":0,"125":0,"126":0,"127":0,"128":0,"129":0,"130":0,"131":0,"132":0,"133":0,"134":0,"135":0,"136":0,"137":0,"138":0,"139":0,"140":0,"141":0,"142":0,"143":0,"144":0,"145":0,"146":0,"147":0,"148":0,"149":0,"150":0,"151":0,"152":0,"153":0,"154":0,"155":0,"156":0,"157":0,"158":0,"159":0,"160":0,"161":0,"162":0,"163":0,"164":0,"165":0,"166":0,"167":0,"168":0,"169":0,"170":0,"171":0,"172":0,"173":0,"174":0,"175":0,"176":0,"177":0,"178":0,"179":0,"180":0,"181":0,"182":0,"183":0,"184":0,"185":0,"186":0,"187":0,"188":0,"189":0,"190":0,"191":0,"192":0,"193":0,"194":0,"195":0,"196":0,"197":0,"198":0,"199":0,"200":0,"201":0,"202":0,"203":0,"204":0,"205":0,"206":0,"207":0,"208":0,"209":0,"210":0,"211":0,"212":0,"213":0},"f":{"0":0,"1":0,"2":0,"3":0,"4":0,"5":0,"6":0,"7":0,"8":0,"9":0,"10":0,"11":0,"12":0,"13":0,"14":0,"15":0,"16":0,"17":0,"18":0,"19":0,"20":0,"21":0,"22":0,"23":0,"24":0,"25":0,"26":0,"27":0,"28":0,"29":0,"30":0},"b":{"0":[0],"1":[0,0],"2":[0,0],"3":[0],"4":[0],"5":[0],"6":[0,0],"7":[0],"8":[0,0],"9":[0],"10":[0],"11":[0],"12":[0],"13":[0],"14":[0],"15":[0,0],"16":[0,0],"17":[0,0],"18":[0],"19":[0],"20":[0,0],"21":[0],"22":[0],"23":[0,0],"24":[0],"25":[0],"26":[0],"27":[0],"28":[0],"29":[0],"30":[0,0],"31":[0,0],"32":[0,0],"33":[0],"34":[0],"35":[0,0],"36":[0],"37":[0],"38":[0],"39":[0,0,0],"40":[0],"41":[0],"42":[0],"43":[0],"44":[0],"45":[0,0],"46":[0,0],"47":[0,0],"48":[0],"49":[0,0],"50":[0],"51":[0],"52":[0],"53":[0,0],"54":[0],"55":[0],"56":[0],"57":[0,0],"58":[0],"59":[0,0,0,0]}}
,"/home/runner/work/AetherMind/AetherMind/server/storage.ts": {"path":"/home/runner/work/AetherMind/AetherMind/server/storage.ts","statementMap":{"0":{"start":{"line":1,"column":0},"end":{"line":1,"column":null}},"1":{"start":{"line":22,"column":0},"end":{"line":22,"column":26}},"2":{"start":{"line":23,"column":0},"end":{"line":23,"column":55}},"3":{"start":{"line":24,"column":0},"end":{"line":24,"column":38}},"4":{"start":{"line":25,"column":0},"end":{"line":25,"column":42}},"5":{"start":{"line":26,"column":0},"end":{"line":26,"column":28}},"6":{"start":{"line":86,"column":29},"end":{"line":86,"column":47}},"7":{"start":{"line":92,"column":4},"end":{"line":95,"column":7}},"8":{"start":{"line":100,"column":19},"end":{"line":100,"column":72}},"9":{"start":{"line":101,"column":4},"end":{"line":101,"column":29}},"10":{"start":{"line":105,"column":19},"end":{"line":108,"column":42}},"11":{"start":{"line":109,"column":4},"end":{"line":109,"column":29}},"12":{"start":{"line":113,"column":19},"end":{"line":120,"column":18}},"13":{"start":{"line":121,"column":4},"end":{"line":121,"column":16}},"14":{"start":{"line":126,"column":25},"end":{"line":130,"column":40}},"15":{"start":{"line":132,"column":4},"end":{"line":132,"column":24}},"16":{"start":{"line":136,"column":25},"end":{"line":143,"column":18}},"17":{"start":{"line":146,"column":4},"end":{"line":146,"column":73}},"18":{"start":{"line":148,"column":4},"end":{"line":148,"column":22}},"19":{"start":{"line":152,"column":22},"end":{"line":155,"column":33}},"20":{"start":{"line":156,"column":4},"end":{"line":156,"column":32}},"21":{"start":{"line":164,"column":4},"end":{"line":169,"column":7}},"22":{"start":{"line":174,"column":22},"end":{"line":181,"column":18}},"23":{"start":{"line":182,"column":4},"end":{"line":182,"column":19}},"24":{"start":{"line":186,"column":4},"end":{"line":190,"column":38}},"25":{"start":{"line":194,"column":4},"end":{"line":233,"column":null}},"26":{"start":{"line":198,"column":23},"end":{"line":198,"column":58}},"27":{"start":{"line":200,"column":4},"end":{"line":202,"column":5}},"28":{"start":{"line":201,"column":6},"end":{"line":201,"column":62}},"29":{"start":{"line":204,"column":4},"end":{"line":211,"column":5}},"30":{"start":{"line":205,"column":6},"end":{"line":210,"column":8}},"31":{"start":{"line":213,"column":19},"end":{"line":230,"column":37}},"32":{"start":{"line":232,"column":4},"end":{"line":232,"column":18}},"33":{"start":{"line":236,"column":19},"end":{"line":236,"column":72}},"34":{"start":{"line":237,"column":4},"end":{"line":237,"column":29}},"35":{"start":{"line":241,"column":4},"end":{"line":241,"column":51}},"36":{"start":{"line":248,"column":30},"end":{"line":255,"column":18}},"37":{"start":{"line":256,"column":4},"end":{"line":256,"column":27}},"38":{"start":{"line":260,"column":4},"end":{"line":264,"column":46}},"39":{"start":{"line":268,"column":25},"end":{"line":274,"column":18}},"40":{"start":{"line":275,"column":4},"end":{"line":275,"column":22}},"41":{"start":{"line":279,"column":4},"end":{"line":283,"column":35}},"42":{"start":{"line":288,"column":22},"end":{"line":295,"column":18}},"43":{"start":{"line":296,"column":4},"end":{"line":296,"column":19}},"44":{"start":{"line":300,"column":4},"end":{"line":304,"column":38}},"45":{"start":{"line":312,"column":28},"end":{"line":312,"column":61}},"46":{"start":{"line":313,"column":4},"end":{"line":315,"column":5}},"47":{"start":{"line":314,"column":6},"end":{"line":314,"column":37}},"48":{"start":{"line":317,"column":4},"end":{"line":317,"column":71}},"49":{"start":{"line":325,"column":19},"end":{"line":334,"column":15}},"50":{"start":{"line":336,"column":4},"end":{"line":336,"column":29}},"51":{"start":{"line":343,"column":19},"end":{"line":356,"column":15}},"52":{"start":{"line":358,"column":4},"end":{"line":358,"column":58}},"53":{"start":{"line":365,"column":19},"end":{"line":370,"column":15}},"54":{"start":{"line":372,"column":4},"end":{"line":372,"column":58}},"55":{"start":{"line":379,"column":19},"end":{"line":384,"column":15}},"56":{"start":{"line":386,"column":4},"end":{"line":386,"column":58}},"57":{"start":{"line":392,"column":25},"end":{"line":395,"column":42}},"58":{"start":{"line":398,"column":4},"end":{"line":430,"column":5}},"59":{"start":{"line":400,"column":35},"end":{"line":403,"column":55}},"60":{"start":{"line":406,"column":6},"end":{"line":410,"column":7}},"61":{"start":{"line":407,"column":8},"end":{"line":409,"column":63}},"62":{"start":{"line":413,"column":6},"end":{"line":415,"column":56}},"63":{"start":{"line":418,"column":6},"end":{"line":418,"column":68}},"64":{"start":{"line":421,"column":6},"end":{"line":421,"column":68}},"65":{"start":{"line":424,"column":6},"end":{"line":426,"column":57}},"66":{"start":{"line":429,"column":6},"end":{"line":429,"column":67}},"67":{"start":{"line":432,"column":4},"end":{"line":432,"column":56}},"68":{"start":{"line":88,"column":0},"end":{"line":88,"column":13}},"69":{"start":{"line":436,"column":13},"end":{"line":436,"column":45}}},"fnMap":{"0":{"name":"(anonymous_8)","decl":{"start":{"line":91,"column":2},"end":{"line":91,"column":null}},"loc":{"start":{"line":91,"column":2},"end":{"line":96,"column":3}}},"1":{"name":"(anonymous_9)","decl":{"start":{"line":99,"column":8},"end":{"line":99,"column":15}},"loc":{"start":{"line":99,"column":26},"end":{"line":102,"column":null}}},"2":{"name":"(anonymous_11)","decl":{"start":{"line":104,"column":8},"end":{"line":104,"column":25}},"loc":{"start":{"line":104,"column":42},"end":{"line":110,"column":null}}},"3":{"name":"(anonymous_13)","decl":{"start":{"line":112,"column":8},"end":{"line":112,"column":18}},"loc":{"start":{"line":112,"column":41},"end":{"line":122,"column":null}}},"4":{"name":"(anonymous_15)","decl":{"start":{"line":125,"column":8},"end":{"line":125,"column":23}},"loc":{"start":{"line":125,"column":38},"end":{"line":133,"column":null}}},"5":{"name":"(anonymous_17)","decl":{"start":{"line":135,"column":8},"end":{"line":135,"column":21}},"loc":{"start":{"line":135,"column":44},"end":{"line":149,"column":null}}},"6":{"name":"(anonymous_19)","decl":{"start":{"line":151,"column":8},"end":{"line":151,"column":18}},"loc":{"start":{"line":151,"column":29},"end":{"line":157,"column":null}}},"7":{"name":"(anonymous_21)","decl":{"start":{"line":159,"column":8},"end":{"line":159,"column":24}},"loc":{"start":{"line":162,"column":16},"end":{"line":170,"column":null}}},"8":{"name":"(anonymous_23)","decl":{"start":{"line":173,"column":8},"end":{"line":173,"column":18}},"loc":{"start":{"line":173,"column":35},"end":{"line":183,"column":null}}},"9":{"name":"(anonymous_25)","decl":{"start":{"line":185,"column":8},"end":{"line":185,"column":23}},"loc":{"start":{"line":185,"column":41},"end":{"line":191,"column":null}}},"10":{"name":"(anonymous_27)","decl":{"start":{"line":193,"column":8},"end":{"line":193,"column":20}},"loc":{"start":{"line":193,"column":20},"end":{"line":233,"column":null}}},"11":{"name":"(anonymous_28)","decl":{"start":{"line":194,"column":4},"end":{"line":194,"column":18}},"loc":{"start":{"line":195,"column":57},"end":{"line":233,"column":3}}},"12":{"name":"(anonymous_29)","decl":{"start":{"line":235,"column":8},"end":{"line":235,"column":15}},"loc":{"start":{"line":235,"column":26},"end":{"line":238,"column":null}}},"13":{"name":"(anonymous_31)","decl":{"start":{"line":240,"column":8},"end":{"line":240,"column":18}},"loc":{"start":{"line":240,"column":29},"end":{"line":242,"column":null}}},"14":{"name":"(anonymous_33)","decl":{"start":{"line":245,"column":8},"end":{"line":245,"column":26}},"loc":{"start":{"line":246,"column":36},"end":{"line":257,"column":null}}},"15":{"name":"(anonymous_35)","decl":{"start":{"line":259,"column":8},"end":{"line":259,"column":31}},"loc":{"start":{"line":259,"column":49},"end":{"line":265,"column":null}}},"16":{"name":"(anonymous_37)","decl":{"start":{"line":267,"column":8},"end":{"line":267,"column":18}},"loc":{"start":{"line":267,"column":41},"end":{"line":276,"column":null}}},"17":{"name":"(anonymous_39)","decl":{"start":{"line":278,"column":8},"end":{"line":278,"column":31}},"loc":{"start":{"line":278,"column":54},"end":{"line":284,"column":null}}},"18":{"name":"(anonymous_41)","decl":{"start":{"line":287,"column":8},"end":{"line":287,"column":18}},"loc":{"start":{"line":287,"column":35},"end":{"line":297,"column":null}}},"19":{"name":"(anonymous_43)","decl":{"start":{"line":299,"column":8},"end":{"line":299,"column":23}},"loc":{"start":{"line":299,"column":41},"end":{"line":305,"column":null}}},"20":{"name":"(anonymous_45)","decl":{"start":{"line":307,"column":8},"end":{"line":307,"column":24}},"loc":{"start":{"line":310,"column":21},"end":{"line":318,"column":null}}},"21":{"name":"(anonymous_47)","decl":{"start":{"line":321,"column":8},"end":{"line":321,"column":27}},"loc":{"start":{"line":323,"column":21},"end":{"line":337,"column":null}}},"22":{"name":"(anonymous_49)","decl":{"start":{"line":339,"column":8},"end":{"line":339,"column":32}},"loc":{"start":{"line":341,"column":26},"end":{"line":359,"column":null}}},"23":{"name":"(anonymous_51)","decl":{"start":{"line":361,"column":8},"end":{"line":361,"column":24}},"loc":{"start":{"line":363,"column":18},"end":{"line":373,"column":null}}},"24":{"name":"(anonymous_53)","decl":{"start":{"line":375,"column":8},"end":{"line":375,"column":24}},"loc":{"start":{"line":377,"column":18},"end":{"line":387,"column":null}}},"25":{"name":"(anonymous_55)","decl":{"start":{"line":390,"column":8},"end":{"line":390,"column":24}},"loc":{"start":{"line":390,"column":39},"end":{"line":433,"column":null}}}},"branchMap":{"0":{"loc":{"start":{"line":101,"column":11},"end":{"line":101,"column":28}},"type":"binary-expr","locations":[{"start":{"line":101,"column":11},"end":{"line":101,"column":15}},{"start":{"line":101,"column":19},"end":{"line":101,"column":28}}]},"1":{"loc":{"start":{"line":109,"column":11},"end":{"line":109,"column":28}},"type":"binary-expr","locations":[{"start":{"line":109,"column":11},"end":{"line":109,"column":15}},{"start":{"line":109,"column":19},"end":{"line":109,"column":28}}]},"2":{"loc":{"start":{"line":156,"column":11},"end":{"line":156,"column":31}},"type":"binary-expr","locations":[{"start":{"line":156,"column":11},"end":{"line":156,"column":18}},{"start":{"line":156,"column":22},"end":{"line":156,"column":31}}]},"3":{"loc":{"start":{"line":195,"column":4},"end":{"line":195,"column":57}},"type":"default-arg","locations":[{"start":{"line":195,"column":55},"end":{"line":195,"column":57}}]},"4":{"loc":{"start":{"line":200,"column":4},"end":{"line":202,"column":5}},"type":"if","locations":[{"start":{"line":200,"column":4},"end":{"line":202,"column":5}}]},"5":{"loc":{"start":{"line":204,"column":4},"end":{"line":211,"column":5}},"type":"if","locations":[{"start":{"line":204,"column":4},"end":{"line":211,"column":5}}]},"6":{"loc":{"start":{"line":237,"column":11},"end":{"line":237,"column":28}},"type":"binary-expr","locations":[{"start":{"line":237,"column":11},"end":{"line":237,"column":15}},{"start":{"line":237,"column":19},"end":{"line":237,"column":28}}]},"7":{"loc":{"start":{"line":313,"column":4},"end":{"line":315,"column":5}},"type":"if","locations":[{"start":{"line":313,"column":4},"end":{"line":315,"column":5}}]},"8":{"loc":{"start":{"line":358,"column":11},"end":{"line":358,"column":57}},"type":"cond-expr","locations":[{"start":{"line":358,"column":31},"end":{"line":358,"column":50}},{"start":{"line":358,"column":53},"end":{"line":358,"column":57}}]},"9":{"loc":{"start":{"line":372,"column":11},"end":{"line":372,"column":57}},"type":"cond-expr","locations":[{"start":{"line":372,"column":31},"end":{"line":372,"column":50}},{"start":{"line":372,"column":53},"end":{"line":372,"column":57}}]},"10":{"loc":{"start":{"line":386,"column":11},"end":{"line":386,"column":57}},"type":"cond-expr","locations":[{"start":{"line":386,"column":31},"end":{"line":386,"column":50}},{"start":{"line":386,"column":53},"end":{"line":386,"column":57}}]}},"s":{"0":0,"1":0,"2":0,"3":0,"4":0,"5":0,"6":0,"7":0,"8":0,"9":0,"10":0,"11":0,"12":0,"13":0,"14":0,"15":0,"16":0,"17":0,"18":0,"19":0,"20":0,"21":0,"22":0,"23":0,"24":0,"25":0,"26":0,"27":0,"28":0,"29":0,"30":0,"31":0,"32":0,"33":0,"34":0,"35":0,"36":0,"37":0,"38":0,"39":0,"40":0,"41":0,"42":0,"43":0,"44":0,"45":0,"46":0,"47":0,"48":0,"49":0,"50":0,"51":0,"52":0,"53":0,"54":0,"55":0,"56":0,"57":0,"58":0,"59":0,"60":0,"61":0,"62":0,"63":0,"64":0,"65":0,"66":0,"67":0,"68":0,"69":0},"f":{"0":0,"1":0,"2":0,"3":0,"4":0,"5":0,"6":0,"7":0,"8":0,"9":0,"10":0,"11":0,"12":0,"13":0,"14":0,"15":0,"16":0,"17":0,"18":0,"19":0,"20":0,"21":0,"22":0,"23":0,"24":0,"25":0},"b":{"0":[0,0],"1":[0,0],"2":[0,0],"3":[0],"4":[0],"5":[0],"6":[0,0],"7":[0],"8":[0,0],"9":[0,0],"10":[0,0]}}
}
