TN:
SF:server/ai-service.ts
FN:44,(anonymous_14)
FN:47,(anonymous_15)
FN:86,(anonymous_17)
FN:87,(anonymous_18)
FN:148,(anonymous_19)
FN:198,(anonymous_20)
FN:212,(anonymous_21)
FN:213,(anonymous_22)
FN:263,(anonymous_23)
FN:288,(anonymous_25)
FNF:10
FNH:0
FNDA:0,(anonymous_14)
FNDA:0,(anonymous_15)
FNDA:0,(anonymous_17)
FNDA:0,(anonymous_18)
FNDA:0,(anonymous_19)
FNDA:0,(anonymous_20)
FNDA:0,(anonymous_21)
FNDA:0,(anonymous_22)
FNDA:0,(anonymous_23)
FNDA:0,(anonymous_25)
DA:2,0
DA:3,0
DA:6,0
DA:44,0
DA:45,0
DA:48,0
DA:49,0
DA:51,0
DA:52,0
DA:69,0
DA:77,0
DA:78,0
DA:87,0
DA:94,0
DA:113,0
DA:114,0
DA:120,0
DA:134,0
DA:139,0
DA:140,0
DA:149,0
DA:195,0
DA:199,0
DA:201,0
DA:202,0
DA:205,0
DA:206,0
DA:209,0
DA:213,0
DA:222,0
DA:230,0
DA:231,0
DA:254,0
DA:258,0
DA:259,0
DA:268,0
DA:269,0
DA:272,0
DA:273,0
DA:277,0
DA:278,0
DA:279,0
DA:281,0
DA:286,0
DA:287,0
DA:288,0
DA:289,0
DA:290,0
DA:291,0
DA:295,0
DA:296,0
DA:301,0
DA:305,0
DA:306,0
DA:307,0
DA:310,0
DA:315,0
DA:316,0
DA:321,0
DA:324,0
DA:328,0
DA:329,0
DA:330,0
DA:334,0
DA:336,0
DA:337,0
DA:342,0
LF:67
LH:0
BRDA:71,0,0,0
BRDA:71,0,1,0
BRDA:80,1,0,0
BRDA:80,1,1,0
BRDA:88,2,0,0
BRDA:89,3,0,0
BRDA:104,4,0,0
BRDA:104,4,1,0
BRDA:106,5,0,0
BRDA:106,5,1,0
BRDA:135,6,0,0
BRDA:135,6,1,0
BRDA:142,7,0,0
BRDA:142,7,1,0
BRDA:195,8,0,0
BRDA:195,8,1,0
BRDA:201,9,0,0
BRDA:205,10,0,0
BRDA:205,11,0,0
BRDA:205,11,1,0
BRDA:215,12,0,0
BRDA:255,13,0,0
BRDA:255,13,1,0
BRDA:255,14,0,0
BRDA:255,14,1,0
BRDA:255,15,0,0
BRDA:255,15,1,0
BRDA:255,16,0,0
BRDA:255,16,1,0
BRDA:255,17,0,0
BRDA:255,17,1,0
BRDA:272,18,0,0
BRDA:277,19,0,0
BRDA:286,20,0,0
BRDA:292,21,0,0
BRDA:292,21,1,0
BRDA:301,22,0,0
BRDA:311,23,0,0
BRDA:311,23,1,0
BRDA:321,24,0,0
BRDA:328,25,0,0
BRDA:328,26,0,0
BRDA:328,26,1,0
BRF:43
BRH:0
end_of_record
TN:
SF:server/auth.ts
FN:24,generateToken
FN:30,verifyToken
FN:38,hashPassword
FN:44,comparePasswords
FN:51,setupAuth
FN:70,(anonymous_15)
FN:78,(anonymous_16)
FN:79,(anonymous_17)
FN:93,(anonymous_18)
FN:93,(anonymous_19)
FN:103,(anonymous_20)
FN:108,(anonymous_21)
FN:108,(anonymous_22)
FN:120,(anonymous_23)
FN:120,(anonymous_24)
FN:149,(anonymous_25)
FN:158,(anonymous_26)
FN:158,(anonymous_27)
FN:173,(anonymous_28)
FN:183,(anonymous_29)
FN:184,(anonymous_30)
FN:190,(anonymous_31)
FN:190,(anonymous_32)
FNF:23
FNH:18
FNDA:1,generateToken
FNDA:2,verifyToken
FNDA:1,hashPassword
FNDA:1,comparePasswords
FNDA:1,setupAuth
FNDA:12,(anonymous_15)
FNDA:12,(anonymous_16)
FNDA:12,(anonymous_17)
FNDA:0,(anonymous_18)
FNDA:0,(anonymous_19)
FNDA:1,(anonymous_20)
FNDA:0,(anonymous_21)
FNDA:0,(anonymous_22)
FNDA:3,(anonymous_23)
FNDA:3,(anonymous_24)
FNDA:1,(anonymous_25)
FNDA:3,(anonymous_26)
FNDA:3,(anonymous_27)
FNDA:0,(anonymous_28)
FNDA:1,(anonymous_29)
FNDA:1,(anonymous_30)
FNDA:3,(anonymous_31)
FNDA:3,(anonymous_32)
DA:2,1
DA:3,1
DA:5,1
DA:6,1
DA:7,1
DA:8,1
DA:9,1
DA:18,1
DA:21,1
DA:25,1
DA:31,2
DA:32,2
DA:34,1
DA:39,1
DA:40,1
DA:41,1
DA:45,1
DA:46,1
DA:47,1
DA:48,0
DA:51,1
DA:52,1
DA:67,1
DA:70,1
DA:71,12
DA:72,12
DA:75,1
DA:78,1
DA:79,12
DA:80,12
DA:86,12
DA:89,1
DA:90,1
DA:92,1
DA:93,0
DA:94,0
DA:95,0
DA:96,0
DA:98,0
DA:103,1
DA:104,1
DA:105,1
DA:108,1
DA:109,0
DA:110,0
DA:111,0
DA:112,0
DA:113,0
DA:115,0
DA:116,0
DA:120,3
DA:121,3
DA:122,3
DA:123,3
DA:124,2
DA:127,1
DA:133,1
DA:136,1
DA:143,1
DA:149,1
DA:150,1
DA:151,1
DA:154,0
DA:158,3
DA:159,3
DA:160,3
DA:161,3
DA:163,3
DA:164,2
DA:168,0
DA:170,0
DA:173,0
DA:174,0
DA:176,0
DA:179,1
DA:183,1
DA:184,1
DA:185,1
DA:186,1
DA:190,3
DA:191,3
DA:192,3
DA:193,3
DA:194,3
DA:195,3
DA:198,3
DA:199,0
DA:200,0
DA:204,3
DA:205,3
DA:206,2
DA:207,2
DA:209,2
DA:210,2
DA:212,2
DA:213,1
DA:214,1
DA:215,1
DA:216,1
DA:217,1
DA:220,0
DA:226,2
DA:227,2
DA:229,2
DA:230,0
DA:231,0
DA:233,0
DA:234,0
DA:235,0
DA:236,0
DA:237,0
DA:238,0
DA:241,0
DA:246,2
DA:247,2
LF:115
LH:84
BRDA:21,0,0,1
BRDA:21,0,1,0
BRDA:95,1,0,0
BRDA:95,1,1,0
BRDA:95,2,0,0
BRDA:95,2,1,0
BRDA:112,3,0,0
BRDA:112,3,1,0
BRDA:123,4,0,2
BRDA:150,5,0,0
BRDA:163,6,0,2
BRDA:163,7,0,3
BRDA:163,7,1,1
BRDA:174,8,0,0
BRDA:185,9,0,0
BRDA:193,10,0,0
BRDA:193,10,1,3
BRDA:198,11,0,0
BRDA:198,12,0,3
BRDA:198,12,1,0
BRDA:205,13,0,2
BRDA:205,14,0,3
BRDA:205,14,1,2
BRDA:212,15,0,1
BRDA:215,16,0,1
BRDA:226,17,0,0
BRDA:226,17,1,2
BRDA:226,18,0,2
BRDA:226,18,1,2
BRDA:229,19,0,0
BRDA:233,20,0,0
BRDA:236,21,0,0
BRF:32
BRH:15
end_of_record
TN:
SF:server/db.ts
FNF:0
FNH:0
DA:2,0
DA:3,0
DA:4,0
DA:5,0
DA:7,0
DA:9,0
DA:10,0
DA:16,0
DA:17,0
DA:18,0
DA:23,0
DA:24,0
LF:12
LH:0
BRDA:9,0,0,0
BRDA:16,1,0,0
BRDA:16,1,1,0
BRDA:17,2,0,0
BRDA:17,2,1,0
BRDA:17,3,0,0
BRDA:17,3,1,0
BRDA:20,4,0,0
BRDA:20,4,1,0
BRDA:20,5,0,0
BRDA:20,5,1,0
BRF:11
BRH:0
end_of_record
TN:
SF:server/index.ts
FN:11,(anonymous_14)
FN:65,(anonymous_15)
FN:71,(anonymous_16)
FN:76,(anonymous_17)
FN:95,(anonymous_18)
FN:95,(anonymous_19)
FN:97,(anonymous_20)
FN:100,(anonymous_21)
FN:122,(anonymous_22)
FNF:9
FNH:0
FNDA:0,(anonymous_14)
FNDA:0,(anonymous_15)
FNDA:0,(anonymous_16)
FNDA:0,(anonymous_17)
FNDA:0,(anonymous_18)
FNDA:0,(anonymous_19)
FNDA:0,(anonymous_20)
FNDA:0,(anonymous_21)
FNDA:0,(anonymous_22)
DA:2,0
DA:3,0
DA:7,0
DA:8,0
DA:9,0
DA:11,0
DA:12,0
DA:13,0
DA:14,0
DA:19,0
DA:22,0
DA:23,0
DA:28,0
DA:29,0
DA:33,0
DA:34,0
DA:38,0
DA:44,0
DA:45,0
DA:46,0
DA:47,0
DA:49,0
DA:52,0
DA:61,0
DA:62,0
DA:63,0
DA:65,0
DA:66,0
DA:67,0
DA:68,0
DA:70,0
DA:71,0
DA:72,0
DA:73,0
DA:76,0
DA:77,0
DA:78,0
DA:79,0
DA:80,0
DA:81,0
DA:84,0
DA:85,0
DA:88,0
DA:92,0
DA:95,0
DA:97,0
DA:98,0
DA:100,0
DA:101,0
DA:102,0
DA:104,0
DA:105,0
DA:111,0
DA:112,0
DA:114,0
DA:121,0
DA:122,0
DA:123,0
LF:58
LH:0
BRDA:13,0,0,0
BRDA:13,1,0,0
BRDA:13,1,1,0
BRDA:22,2,0,0
BRDA:22,3,0,0
BRDA:22,3,1,0
BRDA:28,4,0,0
BRDA:36,5,0,0
BRDA:36,5,1,0
BRDA:36,6,0,0
BRDA:36,6,1,0
BRDA:78,7,0,0
BRDA:80,8,0,0
BRDA:84,9,0,0
BRDA:101,10,0,0
BRDA:101,10,1,0
BRDA:101,10,2,0
BRDA:102,11,0,0
BRDA:102,11,1,0
BRDA:111,12,0,0
BRDA:111,12,1,0
BRDA:121,13,0,0
BRDA:121,13,1,0
BRF:23
BRH:0
end_of_record
TN:
SF:server/index_old.ts
FN:48,(anonymous_8)
FN:49,(anonymous_9)
FN:56,(anonymous_10)
FN:62,(anonymous_11)
FN:67,(anonymous_12)
FN:86,(anonymous_13)
FN:86,(anonymous_14)
FN:89,(anonymous_15)
FN:111,(anonymous_16)
FNF:9
FNH:0
FNDA:0,(anonymous_8)
FNDA:0,(anonymous_9)
FNDA:0,(anonymous_10)
FNDA:0,(anonymous_11)
FNDA:0,(anonymous_12)
FNDA:0,(anonymous_13)
FNDA:0,(anonymous_14)
FNDA:0,(anonymous_15)
FNDA:0,(anonymous_16)
DA:2,0
DA:3,0
DA:4,0
DA:7,0
DA:8,0
DA:13,0
DA:14,0
DA:18,0
DA:19,0
DA:20,0
DA:21,0
DA:22,0
DA:23,0
DA:27,0
DA:32,0
DA:33,0
DA:34,0
DA:36,0
DA:37,0
DA:38,0
DA:39,0
DA:40,0
DA:41,0
DA:45,0
DA:48,0
DA:49,0
DA:52,0
DA:53,0
DA:54,0
DA:56,0
DA:57,0
DA:58,0
DA:59,0
DA:61,0
DA:62,0
DA:63,0
DA:64,0
DA:67,0
DA:68,0
DA:69,0
DA:70,0
DA:71,0
DA:72,0
DA:75,0
DA:76,0
DA:79,0
DA:83,0
DA:86,0
DA:87,0
DA:89,0
DA:90,0
DA:91,0
DA:93,0
DA:94,0
DA:100,0
DA:101,0
DA:103,0
DA:110,0
DA:111,0
DA:112,0
LF:60
LH:0
BRDA:7,0,0,0
BRDA:13,1,0,0
BRDA:22,2,0,0
BRDA:22,2,1,0
BRDA:22,3,0,0
BRDA:22,3,1,0
BRDA:25,4,0,0
BRDA:25,4,1,0
BRDA:25,5,0,0
BRDA:25,5,1,0
BRDA:40,6,0,0
BRDA:40,6,1,0
BRDA:40,7,0,0
BRDA:40,7,1,0
BRDA:43,8,0,0
BRDA:43,8,1,0
BRDA:43,9,0,0
BRDA:43,9,1,0
BRDA:69,10,0,0
BRDA:71,11,0,0
BRDA:75,12,0,0
BRDA:90,13,0,0
BRDA:90,13,1,0
BRDA:90,13,2,0
BRDA:91,14,0,0
BRDA:91,14,1,0
BRDA:100,15,0,0
BRDA:100,15,1,0
BRDA:110,16,0,0
BRDA:110,16,1,0
BRF:30
BRH:0
end_of_record
TN:
SF:server/routes.ts
FN:23,requireAuth
FN:57,registerRoutes
FN:62,(anonymous_12)
FN:62,(anonymous_13)
FN:71,(anonymous_14)
FN:71,(anonymous_15)
FN:85,(anonymous_16)
FN:85,(anonymous_17)
FN:96,(anonymous_18)
FN:96,(anonymous_19)
FN:114,(anonymous_20)
FN:114,(anonymous_21)
FN:185,(anonymous_22)
FN:185,(anonymous_23)
FN:203,(anonymous_24)
FN:203,(anonymous_25)
FN:222,(anonymous_26)
FN:222,(anonymous_27)
FN:273,(anonymous_28)
FN:273,(anonymous_29)
FN:352,(anonymous_30)
FN:352,(anonymous_31)
FN:390,(anonymous_32)
FN:390,(anonymous_33)
FN:462,(anonymous_34)
FN:504,(anonymous_35)
FN:504,(anonymous_36)
FN:528,(anonymous_37)
FN:528,(anonymous_38)
FN:559,(anonymous_39)
FN:559,(anonymous_40)
FN:577,(anonymous_41)
FN:577,(anonymous_42)
FNF:33
FNH:0
FNDA:0,requireAuth
FNDA:0,registerRoutes
FNDA:0,(anonymous_12)
FNDA:0,(anonymous_13)
FNDA:0,(anonymous_14)
FNDA:0,(anonymous_15)
FNDA:0,(anonymous_16)
FNDA:0,(anonymous_17)
FNDA:0,(anonymous_18)
FNDA:0,(anonymous_19)
FNDA:0,(anonymous_20)
FNDA:0,(anonymous_21)
FNDA:0,(anonymous_22)
FNDA:0,(anonymous_23)
FNDA:0,(anonymous_24)
FNDA:0,(anonymous_25)
FNDA:0,(anonymous_26)
FNDA:0,(anonymous_27)
FNDA:0,(anonymous_28)
FNDA:0,(anonymous_29)
FNDA:0,(anonymous_30)
FNDA:0,(anonymous_31)
FNDA:0,(anonymous_32)
FNDA:0,(anonymous_33)
FNDA:0,(anonymous_34)
FNDA:0,(anonymous_35)
FNDA:0,(anonymous_36)
FNDA:0,(anonymous_37)
FNDA:0,(anonymous_38)
FNDA:0,(anonymous_39)
FNDA:0,(anonymous_40)
FNDA:0,(anonymous_41)
FNDA:0,(anonymous_42)
DA:2,0
DA:3,0
DA:4,0
DA:5,0
DA:6,0
DA:7,0
DA:8,0
DA:17,0
DA:25,0
DA:26,0
DA:30,0
DA:31,0
DA:32,0
DA:34,0
DA:36,0
DA:37,0
DA:41,0
DA:43,0
DA:44,0
DA:45,0
DA:46,0
DA:54,0
DA:57,0
DA:59,0
DA:62,0
DA:63,0
DA:64,0
DA:65,0
DA:67,0
DA:71,0
DA:72,0
DA:73,0
DA:77,0
DA:78,0
DA:80,0
DA:85,0
DA:86,0
DA:87,0
DA:88,0
DA:90,0
DA:91,0
DA:96,0
DA:97,0
DA:98,0
DA:99,0
DA:103,0
DA:105,0
DA:110,0
DA:114,0
DA:115,0
DA:117,0
DA:121,0
DA:122,0
DA:127,0
DA:128,0
DA:132,0
DA:140,0
DA:141,0
DA:148,0
DA:154,0
DA:169,0
DA:170,0
DA:171,0
DA:173,0
DA:174,0
DA:175,0
DA:180,0
DA:185,0
DA:186,0
DA:188,0
DA:192,0
DA:193,0
DA:196,0
DA:197,0
DA:199,0
DA:203,0
DA:204,0
DA:206,0
DA:210,0
DA:211,0
DA:214,0
DA:215,0
DA:217,0
DA:222,0
DA:223,0
DA:224,0
DA:228,0
DA:229,0
DA:232,0
DA:233,0
DA:234,0
DA:237,0
DA:238,0
DA:246,0
DA:247,0
DA:253,0
DA:259,0
DA:267,0
DA:268,0
DA:273,0
DA:274,0
DA:275,0
DA:278,0
DA:279,0
DA:283,0
DA:284,0
DA:288,0
DA:290,0
DA:294,0
DA:295,0
DA:301,0
DA:305,0
DA:306,0
DA:308,0
DA:309,0
DA:315,0
DA:316,0
DA:318,0
DA:319,0
DA:323,0
DA:324,0
DA:330,0
DA:331,0
DA:334,0
DA:341,0
DA:343,0
DA:344,0
DA:349,0
DA:352,0
DA:353,0
DA:355,0
DA:359,0
DA:360,0
DA:365,0
DA:372,0
DA:373,0
DA:374,0
DA:376,0
DA:377,0
DA:382,0
DA:387,0
DA:390,0
DA:391,0
DA:392,0
DA:395,0
DA:399,0
DA:400,0
DA:406,0
DA:411,0
DA:415,0
DA:416,0
DA:417,0
DA:421,0
DA:422,0
DA:427,0
DA:428,0
DA:436,0
DA:444,0
DA:445,0
DA:448,0
DA:449,0
DA:450,0
DA:451,0
DA:452,0
DA:453,0
DA:459,0
DA:462,0
DA:469,0
DA:476,0
DA:484,0
DA:485,0
DA:487,0
DA:489,0
DA:490,0
DA:491,0
DA:496,0
DA:501,0
DA:504,0
DA:505,0
DA:507,0
DA:511,0
DA:512,0
DA:517,0
DA:520,0
DA:522,0
DA:528,0
DA:529,0
DA:531,0
DA:535,0
DA:536,0
DA:539,0
DA:546,0
DA:547,0
DA:548,0
DA:550,0
DA:551,0
DA:555,0
DA:559,0
DA:560,0
DA:562,0
DA:566,0
DA:567,0
DA:570,0
DA:571,0
DA:573,0
DA:577,0
DA:578,0
DA:580,0
DA:584,0
DA:585,0
DA:588,0
DA:591,0
DA:592,0
DA:593,0
DA:598,0
DA:602,0
DA:607,0
DA:608,0
DA:610,0
DA:614,0
DA:615,0
LF:221
LH:0
BRDA:25,0,0,0
BRDA:25,1,0,0
BRDA:25,1,1,0
BRDA:31,2,0,0
BRDA:31,3,0,0
BRDA:31,3,1,0
BRDA:34,4,0,0
BRDA:34,4,1,0
BRDA:41,5,0,0
BRDA:44,6,0,0
BRDA:100,7,0,0
BRDA:100,7,1,0
BRDA:101,8,0,0
BRDA:101,8,1,0
BRDA:121,9,0,0
BRDA:127,10,0,0
BRDA:140,11,0,0
BRDA:155,12,0,0
BRDA:155,12,1,0
BRDA:174,13,0,0
BRDA:174,14,0,0
BRDA:174,14,1,0
BRDA:192,15,0,0
BRDA:210,16,0,0
BRDA:228,17,0,0
BRDA:233,18,0,0
BRDA:237,19,0,0
BRDA:246,20,0,0
BRDA:254,21,0,0
BRDA:254,21,1,0
BRDA:255,22,0,0
BRDA:255,22,1,0
BRDA:261,23,0,0
BRDA:261,23,1,0
BRDA:275,24,0,0
BRDA:278,25,0,0
BRDA:278,26,0,0
BRDA:278,26,1,0
BRDA:283,27,0,0
BRDA:288,28,0,0
BRDA:288,29,0,0
BRDA:288,29,1,0
BRDA:294,30,0,0
BRDA:305,31,0,0
BRDA:308,32,0,0
BRDA:316,33,0,0
BRDA:318,34,0,0
BRDA:323,35,0,0
BRDA:331,36,0,0
BRDA:331,36,1,0
BRDA:331,37,0,0
BRDA:331,37,1,0
BRDA:331,38,0,0
BRDA:331,38,1,0
BRDA:359,39,0,0
BRDA:376,40,0,0
BRDA:376,41,0,0
BRDA:376,41,1,0
BRDA:392,42,0,0
BRDA:399,43,0,0
BRDA:406,44,0,0
BRDA:407,45,0,0
BRDA:407,45,1,0
BRDA:407,45,2,0
BRDA:415,46,0,0
BRDA:421,47,0,0
BRDA:427,48,0,0
BRDA:449,49,0,0
BRDA:452,50,0,0
BRDA:452,51,0,0
BRDA:452,51,1,0
BRDA:452,52,0,0
BRDA:452,52,1,0
BRDA:464,53,0,0
BRDA:464,53,1,0
BRDA:490,54,0,0
BRDA:490,55,0,0
BRDA:490,55,1,0
BRDA:511,56,0,0
BRDA:535,57,0,0
BRDA:550,58,0,0
BRDA:550,59,0,0
BRDA:550,59,1,0
BRDA:566,60,0,0
BRDA:584,61,0,0
BRDA:592,62,0,0
BRDA:592,63,0,0
BRDA:592,63,1,0
BRDA:598,64,0,0
BRDA:599,65,0,0
BRDA:599,65,1,0
BRDA:599,65,2,0
BRDA:599,65,3,0
BRF:93
BRH:0
end_of_record
TN:
SF:server/routes_backup.ts
FN:22,requireAuth
FN:29,registerRoutes
FN:34,(anonymous_11)
FN:34,(anonymous_12)
FN:43,(anonymous_13)
FN:43,(anonymous_14)
FN:57,(anonymous_15)
FN:57,(anonymous_16)
FN:75,(anonymous_17)
FN:75,(anonymous_18)
FN:150,(anonymous_19)
FN:150,(anonymous_20)
FN:168,(anonymous_21)
FN:168,(anonymous_22)
FN:187,(anonymous_23)
FN:187,(anonymous_24)
FN:234,(anonymous_25)
FN:234,(anonymous_26)
FN:313,(anonymous_27)
FN:313,(anonymous_28)
FN:353,(anonymous_29)
FN:353,(anonymous_30)
FN:427,(anonymous_31)
FN:471,(anonymous_32)
FN:471,(anonymous_33)
FN:495,(anonymous_34)
FN:495,(anonymous_35)
FN:526,(anonymous_36)
FN:526,(anonymous_37)
FN:544,(anonymous_38)
FN:544,(anonymous_39)
FNF:31
FNH:0
FNDA:0,requireAuth
FNDA:0,registerRoutes
FNDA:0,(anonymous_11)
FNDA:0,(anonymous_12)
FNDA:0,(anonymous_13)
FNDA:0,(anonymous_14)
FNDA:0,(anonymous_15)
FNDA:0,(anonymous_16)
FNDA:0,(anonymous_17)
FNDA:0,(anonymous_18)
FNDA:0,(anonymous_19)
FNDA:0,(anonymous_20)
FNDA:0,(anonymous_21)
FNDA:0,(anonymous_22)
FNDA:0,(anonymous_23)
FNDA:0,(anonymous_24)
FNDA:0,(anonymous_25)
FNDA:0,(anonymous_26)
FNDA:0,(anonymous_27)
FNDA:0,(anonymous_28)
FNDA:0,(anonymous_29)
FNDA:0,(anonymous_30)
FNDA:0,(anonymous_31)
FNDA:0,(anonymous_32)
FNDA:0,(anonymous_33)
FNDA:0,(anonymous_34)
FNDA:0,(anonymous_35)
FNDA:0,(anonymous_36)
FNDA:0,(anonymous_37)
FNDA:0,(anonymous_38)
FNDA:0,(anonymous_39)
DA:2,0
DA:3,0
DA:4,0
DA:5,0
DA:6,0
DA:7,0
DA:16,0
DA:23,0
DA:24,0
DA:26,0
DA:29,0
DA:31,0
DA:34,0
DA:35,0
DA:36,0
DA:37,0
DA:39,0
DA:43,0
DA:44,0
DA:45,0
DA:49,0
DA:50,0
DA:52,0
DA:57,0
DA:58,0
DA:59,0
DA:60,0
DA:64,0
DA:66,0
DA:71,0
DA:75,0
DA:76,0
DA:78,0
DA:82,0
DA:83,0
DA:88,0
DA:89,0
DA:93,0
DA:101,0
DA:102,0
DA:111,0
DA:117,0
DA:132,0
DA:133,0
DA:134,0
DA:136,0
DA:137,0
DA:138,0
DA:145,0
DA:150,0
DA:151,0
DA:153,0
DA:157,0
DA:158,0
DA:161,0
DA:162,0
DA:164,0
DA:168,0
DA:169,0
DA:171,0
DA:175,0
DA:176,0
DA:179,0
DA:180,0
DA:182,0
DA:187,0
DA:188,0
DA:190,0
DA:194,0
DA:195,0
DA:198,0
DA:199,0
DA:200,0
DA:203,0
DA:204,0
DA:206,0
DA:207,0
DA:214,0
DA:220,0
DA:228,0
DA:229,0
DA:234,0
DA:235,0
DA:236,0
DA:239,0
DA:240,0
DA:244,0
DA:245,0
DA:249,0
DA:251,0
DA:255,0
DA:256,0
DA:262,0
DA:266,0
DA:267,0
DA:269,0
DA:270,0
DA:276,0
DA:277,0
DA:279,0
DA:280,0
DA:284,0
DA:285,0
DA:291,0
DA:292,0
DA:295,0
DA:302,0
DA:304,0
DA:305,0
DA:310,0
DA:313,0
DA:314,0
DA:316,0
DA:320,0
DA:321,0
DA:326,0
DA:333,0
DA:334,0
DA:335,0
DA:337,0
DA:338,0
DA:345,0
DA:350,0
DA:353,0
DA:354,0
DA:355,0
DA:358,0
DA:362,0
DA:363,0
DA:369,0
DA:374,0
DA:378,0
DA:379,0
DA:380,0
DA:384,0
DA:385,0
DA:390,0
DA:391,0
DA:401,0
DA:409,0
DA:410,0
DA:413,0
DA:414,0
DA:415,0
DA:416,0
DA:417,0
DA:418,0
DA:424,0
DA:427,0
DA:434,0
DA:441,0
DA:449,0
DA:450,0
DA:452,0
DA:454,0
DA:455,0
DA:456,0
DA:463,0
DA:468,0
DA:471,0
DA:472,0
DA:474,0
DA:478,0
DA:479,0
DA:484,0
DA:487,0
DA:489,0
DA:495,0
DA:496,0
DA:498,0
DA:502,0
DA:503,0
DA:506,0
DA:513,0
DA:514,0
DA:515,0
DA:517,0
DA:518,0
DA:522,0
DA:526,0
DA:527,0
DA:529,0
DA:533,0
DA:534,0
DA:537,0
DA:538,0
DA:540,0
DA:544,0
DA:545,0
DA:547,0
DA:551,0
DA:552,0
DA:555,0
DA:558,0
DA:559,0
DA:560,0
DA:568,0
DA:572,0
DA:577,0
DA:578,0
DA:580,0
DA:584,0
DA:585,0
LF:203
LH:0
BRDA:23,0,0,0
BRDA:61,1,0,0
BRDA:61,1,1,0
BRDA:62,2,0,0
BRDA:62,2,1,0
BRDA:82,3,0,0
BRDA:88,4,0,0
BRDA:101,5,0,0
BRDA:118,6,0,0
BRDA:118,6,1,0
BRDA:137,7,0,0
BRDA:137,8,0,0
BRDA:137,8,1,0
BRDA:157,9,0,0
BRDA:175,10,0,0
BRDA:194,11,0,0
BRDA:199,12,0,0
BRDA:203,13,0,0
BRDA:206,14,0,0
BRDA:215,15,0,0
BRDA:215,15,1,0
BRDA:216,16,0,0
BRDA:216,16,1,0
BRDA:222,17,0,0
BRDA:222,17,1,0
BRDA:236,18,0,0
BRDA:239,19,0,0
BRDA:239,20,0,0
BRDA:239,20,1,0
BRDA:244,21,0,0
BRDA:249,22,0,0
BRDA:249,23,0,0
BRDA:249,23,1,0
BRDA:255,24,0,0
BRDA:266,25,0,0
BRDA:269,26,0,0
BRDA:277,27,0,0
BRDA:279,28,0,0
BRDA:284,29,0,0
BRDA:292,30,0,0
BRDA:292,30,1,0
BRDA:292,31,0,0
BRDA:292,31,1,0
BRDA:292,32,0,0
BRDA:292,32,1,0
BRDA:320,33,0,0
BRDA:337,34,0,0
BRDA:337,35,0,0
BRDA:337,35,1,0
BRDA:355,36,0,0
BRDA:362,37,0,0
BRDA:369,38,0,0
BRDA:370,39,0,0
BRDA:370,39,1,0
BRDA:370,39,2,0
BRDA:378,40,0,0
BRDA:384,41,0,0
BRDA:390,42,0,0
BRDA:414,43,0,0
BRDA:417,44,0,0
BRDA:417,45,0,0
BRDA:417,45,1,0
BRDA:417,46,0,0
BRDA:417,46,1,0
BRDA:429,47,0,0
BRDA:429,47,1,0
BRDA:455,48,0,0
BRDA:455,49,0,0
BRDA:455,49,1,0
BRDA:478,50,0,0
BRDA:502,51,0,0
BRDA:517,52,0,0
BRDA:517,53,0,0
BRDA:517,53,1,0
BRDA:533,54,0,0
BRDA:551,55,0,0
BRDA:559,56,0,0
BRDA:559,57,0,0
BRDA:559,57,1,0
BRDA:568,58,0,0
BRDA:569,59,0,0
BRDA:569,59,1,0
BRDA:569,59,2,0
BRDA:569,59,3,0
BRF:84
BRH:0
end_of_record
TN:
SF:server/storage.ts
FN:91,(anonymous_8)
FN:99,(anonymous_9)
FN:104,(anonymous_11)
FN:112,(anonymous_13)
FN:125,(anonymous_15)
FN:135,(anonymous_17)
FN:151,(anonymous_19)
FN:159,(anonymous_21)
FN:173,(anonymous_23)
FN:185,(anonymous_25)
FN:193,(anonymous_27)
FN:194,(anonymous_28)
FN:235,(anonymous_29)
FN:240,(anonymous_31)
FN:245,(anonymous_33)
FN:259,(anonymous_35)
FN:267,(anonymous_37)
FN:278,(anonymous_39)
FN:287,(anonymous_41)
FN:299,(anonymous_43)
FN:307,(anonymous_45)
FN:321,(anonymous_47)
FN:339,(anonymous_49)
FN:361,(anonymous_51)
FN:375,(anonymous_53)
FN:390,(anonymous_55)
FNF:26
FNH:0
FNDA:0,(anonymous_8)
FNDA:0,(anonymous_9)
FNDA:0,(anonymous_11)
FNDA:0,(anonymous_13)
FNDA:0,(anonymous_15)
FNDA:0,(anonymous_17)
FNDA:0,(anonymous_19)
FNDA:0,(anonymous_21)
FNDA:0,(anonymous_23)
FNDA:0,(anonymous_25)
FNDA:0,(anonymous_27)
FNDA:0,(anonymous_28)
FNDA:0,(anonymous_29)
FNDA:0,(anonymous_31)
FNDA:0,(anonymous_33)
FNDA:0,(anonymous_35)
FNDA:0,(anonymous_37)
FNDA:0,(anonymous_39)
FNDA:0,(anonymous_41)
FNDA:0,(anonymous_43)
FNDA:0,(anonymous_45)
FNDA:0,(anonymous_47)
FNDA:0,(anonymous_49)
FNDA:0,(anonymous_51)
FNDA:0,(anonymous_53)
FNDA:0,(anonymous_55)
DA:1,0
DA:22,0
DA:23,0
DA:24,0
DA:25,0
DA:26,0
DA:86,0
DA:88,0
DA:92,0
DA:100,0
DA:101,0
DA:105,0
DA:109,0
DA:113,0
DA:121,0
DA:126,0
DA:132,0
DA:136,0
DA:146,0
DA:148,0
DA:152,0
DA:156,0
DA:164,0
DA:174,0
DA:182,0
DA:186,0
DA:194,0
DA:198,0
DA:200,0
DA:201,0
DA:204,0
DA:205,0
DA:213,0
DA:232,0
DA:236,0
DA:237,0
DA:241,0
DA:248,0
DA:256,0
DA:260,0
DA:268,0
DA:275,0
DA:279,0
DA:288,0
DA:296,0
DA:300,0
DA:312,0
DA:313,0
DA:314,0
DA:317,0
DA:325,0
DA:336,0
DA:343,0
DA:358,0
DA:365,0
DA:372,0
DA:379,0
DA:386,0
DA:392,0
DA:398,0
DA:400,0
DA:406,0
DA:407,0
DA:413,0
DA:418,0
DA:421,0
DA:424,0
DA:429,0
DA:432,0
DA:436,0
LF:70
LH:0
BRDA:101,0,0,0
BRDA:101,0,1,0
BRDA:109,1,0,0
BRDA:109,1,1,0
BRDA:156,2,0,0
BRDA:156,2,1,0
BRDA:195,3,0,0
BRDA:200,4,0,0
BRDA:204,5,0,0
BRDA:237,6,0,0
BRDA:237,6,1,0
BRDA:313,7,0,0
BRDA:358,8,0,0
BRDA:358,8,1,0
BRDA:372,9,0,0
BRDA:372,9,1,0
BRDA:386,10,0,0
BRDA:386,10,1,0
BRF:18
BRH:0
end_of_record
